{"C:\\Users\\kisha\\kishanportfolio\\DriveBidRent2\\React_DriveBidRent_2\\Backend\\controllers\\auth.controller.js": {"path":"C:\\Users\\kisha\\kishanportfolio\\DriveBidRent2\\React_DriveBidRent_2\\Backend\\controllers\\auth.controller.js","statementMap":{"0":{"start":{"line":8,"column":21},"end":{"line":8,"column":67}},"1":{"start":{"line":10,"column":23},"end":{"line":394,"column":1}},"2":{"start":{"line":13,"column":4},"end":{"line":164,"column":5}},"3":{"start":{"line":29,"column":10},"end":{"line":29,"column":18}},"4":{"start":{"line":32,"column":33},"end":{"line":32,"column":88}},"5":{"start":{"line":35,"column":19},"end":{"line":35,"column":21}},"6":{"start":{"line":35,"column":32},"end":{"line":35,"column":34}},"7":{"start":{"line":35,"column":43},"end":{"line":35,"column":45}},"8":{"start":{"line":35,"column":55},"end":{"line":35,"column":57}},"9":{"start":{"line":36,"column":6},"end":{"line":43,"column":9}},"10":{"start":{"line":37,"column":20},"end":{"line":37,"column":35}},"11":{"start":{"line":38,"column":27},"end":{"line":38,"column":90}},"12":{"start":{"line":38,"column":62},"end":{"line":38,"column":71}},"13":{"start":{"line":39,"column":8},"end":{"line":39,"column":52}},"14":{"start":{"line":39,"column":32},"end":{"line":39,"column":52}},"15":{"start":{"line":40,"column":8},"end":{"line":40,"column":52}},"16":{"start":{"line":40,"column":32},"end":{"line":40,"column":52}},"17":{"start":{"line":41,"column":8},"end":{"line":41,"column":48}},"18":{"start":{"line":41,"column":30},"end":{"line":41,"column":48}},"19":{"start":{"line":42,"column":8},"end":{"line":42,"column":50}},"20":{"start":{"line":42,"column":31},"end":{"line":42,"column":50}},"21":{"start":{"line":46,"column":27},"end":{"line":46,"column":71}},"22":{"start":{"line":47,"column":26},"end":{"line":47,"column":68}},"23":{"start":{"line":50,"column":6},"end":{"line":52,"column":7}},"24":{"start":{"line":51,"column":8},"end":{"line":51,"column":92}},"25":{"start":{"line":54,"column":27},"end":{"line":54,"column":110}},"26":{"start":{"line":55,"column":6},"end":{"line":57,"column":7}},"27":{"start":{"line":56,"column":8},"end":{"line":56,"column":96}},"28":{"start":{"line":59,"column":6},"end":{"line":61,"column":7}},"29":{"start":{"line":60,"column":8},"end":{"line":60,"column":99}},"30":{"start":{"line":63,"column":6},"end":{"line":65,"column":7}},"31":{"start":{"line":64,"column":8},"end":{"line":64,"column":94}},"32":{"start":{"line":67,"column":18},"end":{"line":67,"column":39}},"33":{"start":{"line":68,"column":18},"end":{"line":68,"column":62}},"34":{"start":{"line":69,"column":6},"end":{"line":71,"column":7}},"35":{"start":{"line":70,"column":8},"end":{"line":70,"column":102}},"36":{"start":{"line":73,"column":6},"end":{"line":75,"column":7}},"37":{"start":{"line":74,"column":8},"end":{"line":74,"column":107}},"38":{"start":{"line":77,"column":6},"end":{"line":79,"column":7}},"39":{"start":{"line":78,"column":8},"end":{"line":78,"column":90}},"40":{"start":{"line":82,"column":27},"end":{"line":82,"column":78}},"41":{"start":{"line":83,"column":6},"end":{"line":85,"column":7}},"42":{"start":{"line":84,"column":8},"end":{"line":84,"column":98}},"43":{"start":{"line":88,"column":25},"end":{"line":88,"column":71}},"44":{"start":{"line":91,"column":23},"end":{"line":110,"column":7}},"45":{"start":{"line":112,"column":6},"end":{"line":138,"column":7}},"46":{"start":{"line":114,"column":24},"end":{"line":114,"column":78}},"47":{"start":{"line":117,"column":8},"end":{"line":117,"column":40}},"48":{"start":{"line":120,"column":8},"end":{"line":124,"column":11}},"49":{"start":{"line":127,"column":26},"end":{"line":127,"column":60}},"50":{"start":{"line":128,"column":8},"end":{"line":130,"column":9}},"51":{"start":{"line":129,"column":10},"end":{"line":129,"column":104}},"52":{"start":{"line":132,"column":8},"end":{"line":137,"column":11}},"53":{"start":{"line":141,"column":19},"end":{"line":141,"column":37}},"54":{"start":{"line":142,"column":6},"end":{"line":142,"column":24}},"55":{"start":{"line":144,"column":29},"end":{"line":146,"column":67}},"56":{"start":{"line":148,"column":6},"end":{"line":152,"column":9}},"57":{"start":{"line":155,"column":6},"end":{"line":155,"column":42}},"58":{"start":{"line":157,"column":6},"end":{"line":160,"column":7}},"59":{"start":{"line":158,"column":25},"end":{"line":158,"column":81}},"60":{"start":{"line":158,"column":60},"end":{"line":158,"column":69}},"61":{"start":{"line":159,"column":8},"end":{"line":159,"column":75}},"62":{"start":{"line":162,"column":22},"end":{"line":162,"column":82}},"63":{"start":{"line":163,"column":6},"end":{"line":163,"column":90}},"64":{"start":{"line":169,"column":4},"end":{"line":243,"column":5}},"65":{"start":{"line":170,"column":34},"end":{"line":170,"column":42}},"66":{"start":{"line":171,"column":6},"end":{"line":171,"column":53}},"67":{"start":{"line":173,"column":19},"end":{"line":173,"column":48}},"68":{"start":{"line":174,"column":6},"end":{"line":174,"column":54}},"69":{"start":{"line":175,"column":6},"end":{"line":183,"column":7}},"70":{"start":{"line":176,"column":8},"end":{"line":182,"column":11}},"71":{"start":{"line":185,"column":6},"end":{"line":187,"column":7}},"72":{"start":{"line":186,"column":8},"end":{"line":186,"column":94}},"73":{"start":{"line":189,"column":6},"end":{"line":191,"column":7}},"74":{"start":{"line":190,"column":8},"end":{"line":190,"column":111}},"75":{"start":{"line":193,"column":20},"end":{"line":193,"column":39}},"76":{"start":{"line":194,"column":21},"end":{"line":194,"column":58}},"77":{"start":{"line":195,"column":6},"end":{"line":200,"column":9}},"78":{"start":{"line":202,"column":26},"end":{"line":210,"column":7}},"79":{"start":{"line":212,"column":26},"end":{"line":212,"column":59}},"80":{"start":{"line":214,"column":27},"end":{"line":228,"column":7}},"81":{"start":{"line":230,"column":6},"end":{"line":230,"column":63}},"82":{"start":{"line":232,"column":6},"end":{"line":238,"column":9}},"83":{"start":{"line":241,"column":6},"end":{"line":241,"column":41}},"84":{"start":{"line":242,"column":6},"end":{"line":242,"column":79}},"85":{"start":{"line":247,"column":19},"end":{"line":247,"column":56}},"86":{"start":{"line":248,"column":4},"end":{"line":252,"column":7}},"87":{"start":{"line":253,"column":4},"end":{"line":253,"column":75}},"88":{"start":{"line":258,"column":4},"end":{"line":351,"column":5}},"89":{"start":{"line":259,"column":29},"end":{"line":259,"column":37}},"90":{"start":{"line":261,"column":6},"end":{"line":263,"column":7}},"91":{"start":{"line":262,"column":8},"end":{"line":262,"column":98}},"92":{"start":{"line":266,"column":21},"end":{"line":269,"column":8}},"93":{"start":{"line":271,"column":22},"end":{"line":271,"column":41}},"94":{"start":{"line":272,"column":70},"end":{"line":272,"column":77}},"95":{"start":{"line":274,"column":6},"end":{"line":276,"column":7}},"96":{"start":{"line":275,"column":8},"end":{"line":275,"column":108}},"97":{"start":{"line":279,"column":17},"end":{"line":279,"column":46}},"98":{"start":{"line":281,"column":6},"end":{"line":294,"column":7}},"99":{"start":{"line":283,"column":8},"end":{"line":287,"column":9}},"100":{"start":{"line":284,"column":10},"end":{"line":284,"column":35}},"101":{"start":{"line":285,"column":10},"end":{"line":285,"column":52}},"102":{"start":{"line":286,"column":10},"end":{"line":286,"column":28}},"103":{"start":{"line":290,"column":8},"end":{"line":293,"column":11}},"104":{"start":{"line":297,"column":20},"end":{"line":297,"column":39}},"105":{"start":{"line":298,"column":21},"end":{"line":298,"column":58}},"106":{"start":{"line":299,"column":6},"end":{"line":304,"column":9}},"107":{"start":{"line":306,"column":26},"end":{"line":314,"column":7}},"108":{"start":{"line":316,"column":26},"end":{"line":316,"column":59}},"109":{"start":{"line":318,"column":27},"end":{"line":333,"column":7}},"110":{"start":{"line":335,"column":6},"end":{"line":341,"column":9}},"111":{"start":{"line":344,"column":6},"end":{"line":344,"column":48}},"112":{"start":{"line":346,"column":6},"end":{"line":348,"column":7}},"113":{"start":{"line":347,"column":8},"end":{"line":347,"column":119}},"114":{"start":{"line":350,"column":6},"end":{"line":350,"column":86}},"115":{"start":{"line":356,"column":4},"end":{"line":392,"column":5}},"116":{"start":{"line":357,"column":29},"end":{"line":357,"column":37}},"117":{"start":{"line":359,"column":6},"end":{"line":361,"column":7}},"118":{"start":{"line":360,"column":8},"end":{"line":360,"column":95}},"119":{"start":{"line":364,"column":24},"end":{"line":364,"column":52}},"120":{"start":{"line":365,"column":6},"end":{"line":367,"column":7}},"121":{"start":{"line":366,"column":8},"end":{"line":366,"column":124}},"122":{"start":{"line":369,"column":6},"end":{"line":371,"column":7}},"123":{"start":{"line":370,"column":8},"end":{"line":370,"column":85}},"124":{"start":{"line":374,"column":19},"end":{"line":374,"column":47}},"125":{"start":{"line":375,"column":6},"end":{"line":375,"column":24}},"126":{"start":{"line":378,"column":6},"end":{"line":378,"column":38}},"127":{"start":{"line":380,"column":29},"end":{"line":382,"column":84}},"128":{"start":{"line":384,"column":6},"end":{"line":388,"column":9}},"129":{"start":{"line":390,"column":6},"end":{"line":390,"column":59}},"130":{"start":{"line":391,"column":6},"end":{"line":391,"column":90}}},"fnMap":{"0":{"name":"(anonymous_0)","decl":{"start":{"line":12,"column":10},"end":{"line":12,"column":11}},"loc":{"start":{"line":12,"column":30},"end":{"line":165,"column":3}},"line":12},"1":{"name":"(anonymous_1)","decl":{"start":{"line":36,"column":52},"end":{"line":36,"column":53}},"loc":{"start":{"line":36,"column":63},"end":{"line":43,"column":7}},"line":36},"2":{"name":"(anonymous_2)","decl":{"start":{"line":38,"column":57},"end":{"line":38,"column":58}},"loc":{"start":{"line":38,"column":62},"end":{"line":38,"column":71}},"line":38},"3":{"name":"(anonymous_3)","decl":{"start":{"line":158,"column":55},"end":{"line":158,"column":56}},"loc":{"start":{"line":158,"column":60},"end":{"line":158,"column":69}},"line":158},"4":{"name":"(anonymous_4)","decl":{"start":{"line":168,"column":9},"end":{"line":168,"column":10}},"loc":{"start":{"line":168,"column":29},"end":{"line":244,"column":3}},"line":168},"5":{"name":"(anonymous_5)","decl":{"start":{"line":246,"column":10},"end":{"line":246,"column":11}},"loc":{"start":{"line":246,"column":24},"end":{"line":254,"column":3}},"line":246},"6":{"name":"(anonymous_6)","decl":{"start":{"line":257,"column":15},"end":{"line":257,"column":16}},"loc":{"start":{"line":257,"column":35},"end":{"line":352,"column":3}},"line":257},"7":{"name":"(anonymous_7)","decl":{"start":{"line":355,"column":19},"end":{"line":355,"column":20}},"loc":{"start":{"line":355,"column":39},"end":{"line":393,"column":3}},"line":355}},"branchMap":{"0":{"loc":{"start":{"line":32,"column":33},"end":{"line":32,"column":88}},"type":"cond-expr","locations":[{"start":{"line":32,"column":59},"end":{"line":32,"column":76}},{"start":{"line":32,"column":79},"end":{"line":32,"column":88}}],"line":32},"1":{"loc":{"start":{"line":38,"column":27},"end":{"line":38,"column":90}},"type":"cond-expr","locations":[{"start":{"line":38,"column":48},"end":{"line":38,"column":78}},{"start":{"line":38,"column":81},"end":{"line":38,"column":90}}],"line":38},"2":{"loc":{"start":{"line":38,"column":48},"end":{"line":38,"column":78}},"type":"binary-expr","locations":[{"start":{"line":38,"column":48},"end":{"line":38,"column":72}},{"start":{"line":38,"column":76},"end":{"line":38,"column":78}}],"line":38},"3":{"loc":{"start":{"line":38,"column":81},"end":{"line":38,"column":90}},"type":"binary-expr","locations":[{"start":{"line":38,"column":81},"end":{"line":38,"column":84}},{"start":{"line":38,"column":88},"end":{"line":38,"column":90}}],"line":38},"4":{"loc":{"start":{"line":39,"column":8},"end":{"line":39,"column":52}},"type":"if","locations":[{"start":{"line":39,"column":8},"end":{"line":39,"column":52}},{"start":{},"end":{}}],"line":39},"5":{"loc":{"start":{"line":40,"column":8},"end":{"line":40,"column":52}},"type":"if","locations":[{"start":{"line":40,"column":8},"end":{"line":40,"column":52}},{"start":{},"end":{}}],"line":40},"6":{"loc":{"start":{"line":41,"column":8},"end":{"line":41,"column":48}},"type":"if","locations":[{"start":{"line":41,"column":8},"end":{"line":41,"column":48}},{"start":{},"end":{}}],"line":41},"7":{"loc":{"start":{"line":42,"column":8},"end":{"line":42,"column":50}},"type":"if","locations":[{"start":{"line":42,"column":8},"end":{"line":42,"column":50}},{"start":{},"end":{}}],"line":42},"8":{"loc":{"start":{"line":46,"column":27},"end":{"line":46,"column":71}},"type":"binary-expr","locations":[{"start":{"line":46,"column":27},"end":{"line":46,"column":47}},{"start":{"line":46,"column":51},"end":{"line":46,"column":71}}],"line":46},"9":{"loc":{"start":{"line":47,"column":26},"end":{"line":47,"column":68}},"type":"binary-expr","locations":[{"start":{"line":47,"column":26},"end":{"line":47,"column":45}},{"start":{"line":47,"column":49},"end":{"line":47,"column":68}}],"line":47},"10":{"loc":{"start":{"line":50,"column":6},"end":{"line":52,"column":7}},"type":"if","locations":[{"start":{"line":50,"column":6},"end":{"line":52,"column":7}},{"start":{},"end":{}}],"line":50},"11":{"loc":{"start":{"line":50,"column":10},"end":{"line":50,"column":56}},"type":"binary-expr","locations":[{"start":{"line":50,"column":10},"end":{"line":50,"column":20}},{"start":{"line":50,"column":24},"end":{"line":50,"column":33}},{"start":{"line":50,"column":37},"end":{"line":50,"column":43}},{"start":{"line":50,"column":47},"end":{"line":50,"column":56}}],"line":50},"12":{"loc":{"start":{"line":55,"column":6},"end":{"line":57,"column":7}},"type":"if","locations":[{"start":{"line":55,"column":6},"end":{"line":57,"column":7}},{"start":{},"end":{}}],"line":55},"13":{"loc":{"start":{"line":55,"column":10},"end":{"line":55,"column":55}},"type":"binary-expr","locations":[{"start":{"line":55,"column":10},"end":{"line":55,"column":19}},{"start":{"line":55,"column":23},"end":{"line":55,"column":55}}],"line":55},"14":{"loc":{"start":{"line":59,"column":6},"end":{"line":61,"column":7}},"type":"if","locations":[{"start":{"line":59,"column":6},"end":{"line":61,"column":7}},{"start":{},"end":{}}],"line":59},"15":{"loc":{"start":{"line":59,"column":10},"end":{"line":59,"column":43}},"type":"binary-expr","locations":[{"start":{"line":59,"column":10},"end":{"line":59,"column":16}},{"start":{"line":59,"column":20},"end":{"line":59,"column":43}}],"line":59},"16":{"loc":{"start":{"line":63,"column":6},"end":{"line":65,"column":7}},"type":"if","locations":[{"start":{"line":63,"column":6},"end":{"line":65,"column":7}},{"start":{},"end":{}}],"line":63},"17":{"loc":{"start":{"line":69,"column":6},"end":{"line":71,"column":7}},"type":"if","locations":[{"start":{"line":69,"column":6},"end":{"line":71,"column":7}},{"start":{},"end":{}}],"line":69},"18":{"loc":{"start":{"line":73,"column":6},"end":{"line":75,"column":7}},"type":"if","locations":[{"start":{"line":73,"column":6},"end":{"line":75,"column":7}},{"start":{},"end":{}}],"line":73},"19":{"loc":{"start":{"line":77,"column":6},"end":{"line":79,"column":7}},"type":"if","locations":[{"start":{"line":77,"column":6},"end":{"line":79,"column":7}},{"start":{},"end":{}}],"line":77},"20":{"loc":{"start":{"line":83,"column":6},"end":{"line":85,"column":7}},"type":"if","locations":[{"start":{"line":83,"column":6},"end":{"line":85,"column":7}},{"start":{},"end":{}}],"line":83},"21":{"loc":{"start":{"line":103,"column":18},"end":{"line":103,"column":64}},"type":"cond-expr","locations":[{"start":{"line":103,"column":44},"end":{"line":103,"column":52}},{"start":{"line":103,"column":55},"end":{"line":103,"column":64}}],"line":103},"22":{"loc":{"start":{"line":104,"column":25},"end":{"line":104,"column":80}},"type":"cond-expr","locations":[{"start":{"line":104,"column":43},"end":{"line":104,"column":68}},{"start":{"line":104,"column":71},"end":{"line":104,"column":80}}],"line":104},"23":{"loc":{"start":{"line":105,"column":25},"end":{"line":105,"column":48}},"type":"binary-expr","locations":[{"start":{"line":105,"column":25},"end":{"line":105,"column":40}},{"start":{"line":105,"column":44},"end":{"line":105,"column":48}}],"line":105},"24":{"loc":{"start":{"line":112,"column":6},"end":{"line":138,"column":7}},"type":"if","locations":[{"start":{"line":112,"column":6},"end":{"line":138,"column":7}},{"start":{},"end":{}}],"line":112},"25":{"loc":{"start":{"line":128,"column":8},"end":{"line":130,"column":9}},"type":"if","locations":[{"start":{"line":128,"column":8},"end":{"line":130,"column":9}},{"start":{},"end":{}}],"line":128},"26":{"loc":{"start":{"line":144,"column":29},"end":{"line":146,"column":67}},"type":"cond-expr","locations":[{"start":{"line":145,"column":10},"end":{"line":145,"column":99}},{"start":{"line":146,"column":10},"end":{"line":146,"column":67}}],"line":144},"27":{"loc":{"start":{"line":157,"column":6},"end":{"line":160,"column":7}},"type":"if","locations":[{"start":{"line":157,"column":6},"end":{"line":160,"column":7}},{"start":{},"end":{}}],"line":157},"28":{"loc":{"start":{"line":162,"column":22},"end":{"line":162,"column":82}},"type":"cond-expr","locations":[{"start":{"line":162,"column":43},"end":{"line":162,"column":64}},{"start":{"line":162,"column":67},"end":{"line":162,"column":82}}],"line":162},"29":{"loc":{"start":{"line":163,"column":24},"end":{"line":163,"column":54}},"type":"cond-expr","locations":[{"start":{"line":163,"column":45},"end":{"line":163,"column":48}},{"start":{"line":163,"column":51},"end":{"line":163,"column":54}}],"line":163},"30":{"loc":{"start":{"line":174,"column":33},"end":{"line":174,"column":52}},"type":"cond-expr","locations":[{"start":{"line":174,"column":40},"end":{"line":174,"column":45}},{"start":{"line":174,"column":48},"end":{"line":174,"column":52}}],"line":174},"31":{"loc":{"start":{"line":175,"column":6},"end":{"line":183,"column":7}},"type":"if","locations":[{"start":{"line":175,"column":6},"end":{"line":183,"column":7}},{"start":{},"end":{}}],"line":175},"32":{"loc":{"start":{"line":185,"column":6},"end":{"line":187,"column":7}},"type":"if","locations":[{"start":{"line":185,"column":6},"end":{"line":187,"column":7}},{"start":{},"end":{}}],"line":185},"33":{"loc":{"start":{"line":185,"column":10},"end":{"line":185,"column":58}},"type":"binary-expr","locations":[{"start":{"line":185,"column":10},"end":{"line":185,"column":15}},{"start":{"line":185,"column":19},"end":{"line":185,"column":58}}],"line":185},"34":{"loc":{"start":{"line":189,"column":6},"end":{"line":191,"column":7}},"type":"if","locations":[{"start":{"line":189,"column":6},"end":{"line":191,"column":7}},{"start":{},"end":{}}],"line":189},"35":{"loc":{"start":{"line":197,"column":18},"end":{"line":197,"column":44}},"type":"cond-expr","locations":[{"start":{"line":197,"column":27},"end":{"line":197,"column":33}},{"start":{"line":197,"column":36},"end":{"line":197,"column":44}}],"line":197},"36":{"loc":{"start":{"line":212,"column":26},"end":{"line":212,"column":59}},"type":"binary-expr","locations":[{"start":{"line":212,"column":26},"end":{"line":212,"column":52}},{"start":{"line":212,"column":56},"end":{"line":212,"column":59}}],"line":212},"37":{"loc":{"start":{"line":224,"column":16},"end":{"line":224,"column":33}},"type":"binary-expr","locations":[{"start":{"line":224,"column":16},"end":{"line":224,"column":27}},{"start":{"line":224,"column":31},"end":{"line":224,"column":33}}],"line":224},"38":{"loc":{"start":{"line":225,"column":16},"end":{"line":225,"column":33}},"type":"binary-expr","locations":[{"start":{"line":225,"column":16},"end":{"line":225,"column":27}},{"start":{"line":225,"column":31},"end":{"line":225,"column":33}}],"line":225},"39":{"loc":{"start":{"line":226,"column":14},"end":{"line":226,"column":29}},"type":"binary-expr","locations":[{"start":{"line":226,"column":14},"end":{"line":226,"column":23}},{"start":{"line":226,"column":27},"end":{"line":226,"column":29}}],"line":226},"40":{"loc":{"start":{"line":227,"column":15},"end":{"line":227,"column":31}},"type":"binary-expr","locations":[{"start":{"line":227,"column":15},"end":{"line":227,"column":25}},{"start":{"line":227,"column":29},"end":{"line":227,"column":31}}],"line":227},"41":{"loc":{"start":{"line":250,"column":16},"end":{"line":250,"column":42}},"type":"cond-expr","locations":[{"start":{"line":250,"column":25},"end":{"line":250,"column":31}},{"start":{"line":250,"column":34},"end":{"line":250,"column":42}}],"line":250},"42":{"loc":{"start":{"line":261,"column":6},"end":{"line":263,"column":7}},"type":"if","locations":[{"start":{"line":261,"column":6},"end":{"line":263,"column":7}},{"start":{},"end":{}}],"line":261},"43":{"loc":{"start":{"line":274,"column":6},"end":{"line":276,"column":7}},"type":"if","locations":[{"start":{"line":274,"column":6},"end":{"line":276,"column":7}},{"start":{},"end":{}}],"line":274},"44":{"loc":{"start":{"line":281,"column":6},"end":{"line":294,"column":7}},"type":"if","locations":[{"start":{"line":281,"column":6},"end":{"line":294,"column":7}},{"start":{"line":288,"column":13},"end":{"line":294,"column":7}}],"line":281},"45":{"loc":{"start":{"line":283,"column":8},"end":{"line":287,"column":9}},"type":"if","locations":[{"start":{"line":283,"column":8},"end":{"line":287,"column":9}},{"start":{},"end":{}}],"line":283},"46":{"loc":{"start":{"line":285,"column":26},"end":{"line":285,"column":51}},"type":"binary-expr","locations":[{"start":{"line":285,"column":26},"end":{"line":285,"column":39}},{"start":{"line":285,"column":43},"end":{"line":285,"column":51}}],"line":285},"47":{"loc":{"start":{"line":301,"column":18},"end":{"line":301,"column":44}},"type":"cond-expr","locations":[{"start":{"line":301,"column":27},"end":{"line":301,"column":33}},{"start":{"line":301,"column":36},"end":{"line":301,"column":44}}],"line":301},"48":{"loc":{"start":{"line":316,"column":26},"end":{"line":316,"column":59}},"type":"binary-expr","locations":[{"start":{"line":316,"column":26},"end":{"line":316,"column":52}},{"start":{"line":316,"column":56},"end":{"line":316,"column":59}}],"line":316},"49":{"loc":{"start":{"line":325,"column":15},"end":{"line":325,"column":31}},"type":"binary-expr","locations":[{"start":{"line":325,"column":15},"end":{"line":325,"column":25}},{"start":{"line":325,"column":29},"end":{"line":325,"column":31}}],"line":325},"50":{"loc":{"start":{"line":329,"column":16},"end":{"line":329,"column":33}},"type":"binary-expr","locations":[{"start":{"line":329,"column":16},"end":{"line":329,"column":27}},{"start":{"line":329,"column":31},"end":{"line":329,"column":33}}],"line":329},"51":{"loc":{"start":{"line":330,"column":16},"end":{"line":330,"column":33}},"type":"binary-expr","locations":[{"start":{"line":330,"column":16},"end":{"line":330,"column":27}},{"start":{"line":330,"column":31},"end":{"line":330,"column":33}}],"line":330},"52":{"loc":{"start":{"line":331,"column":14},"end":{"line":331,"column":29}},"type":"binary-expr","locations":[{"start":{"line":331,"column":14},"end":{"line":331,"column":23}},{"start":{"line":331,"column":27},"end":{"line":331,"column":29}}],"line":331},"53":{"loc":{"start":{"line":332,"column":15},"end":{"line":332,"column":31}},"type":"binary-expr","locations":[{"start":{"line":332,"column":15},"end":{"line":332,"column":25}},{"start":{"line":332,"column":29},"end":{"line":332,"column":31}}],"line":332},"54":{"loc":{"start":{"line":346,"column":6},"end":{"line":348,"column":7}},"type":"if","locations":[{"start":{"line":346,"column":6},"end":{"line":348,"column":7}},{"start":{},"end":{}}],"line":346},"55":{"loc":{"start":{"line":346,"column":10},"end":{"line":346,"column":96}},"type":"binary-expr","locations":[{"start":{"line":346,"column":10},"end":{"line":346,"column":54}},{"start":{"line":346,"column":58},"end":{"line":346,"column":96}}],"line":346},"56":{"loc":{"start":{"line":359,"column":6},"end":{"line":361,"column":7}},"type":"if","locations":[{"start":{"line":359,"column":6},"end":{"line":361,"column":7}},{"start":{},"end":{}}],"line":359},"57":{"loc":{"start":{"line":359,"column":10},"end":{"line":359,"column":24}},"type":"binary-expr","locations":[{"start":{"line":359,"column":10},"end":{"line":359,"column":16}},{"start":{"line":359,"column":20},"end":{"line":359,"column":24}}],"line":359},"58":{"loc":{"start":{"line":365,"column":6},"end":{"line":367,"column":7}},"type":"if","locations":[{"start":{"line":365,"column":6},"end":{"line":367,"column":7}},{"start":{},"end":{}}],"line":365},"59":{"loc":{"start":{"line":369,"column":6},"end":{"line":371,"column":7}},"type":"if","locations":[{"start":{"line":369,"column":6},"end":{"line":371,"column":7}},{"start":{},"end":{}}],"line":369},"60":{"loc":{"start":{"line":380,"column":29},"end":{"line":382,"column":84}},"type":"cond-expr","locations":[{"start":{"line":381,"column":10},"end":{"line":381,"column":116}},{"start":{"line":382,"column":10},"end":{"line":382,"column":84}}],"line":380}},"s":{"0":2,"1":2,"2":16,"3":16,"4":16,"5":16,"6":16,"7":16,"8":16,"9":16,"10":64,"11":64,"12":0,"13":64,"14":16,"15":64,"16":16,"17":64,"18":16,"19":64,"20":16,"21":16,"22":16,"23":16,"24":2,"25":14,"26":14,"27":1,"28":13,"29":1,"30":12,"31":1,"32":11,"33":11,"34":11,"35":1,"36":10,"37":1,"38":9,"39":1,"40":8,"41":5,"42":1,"43":4,"44":4,"45":4,"46":2,"47":2,"48":2,"49":2,"50":2,"51":1,"52":1,"53":2,"54":2,"55":2,"56":2,"57":3,"58":3,"59":1,"60":2,"61":1,"62":2,"63":2,"64":7,"65":7,"66":7,"67":7,"68":6,"69":6,"70":5,"71":6,"72":2,"73":4,"74":1,"75":3,"76":3,"77":3,"78":3,"79":3,"80":3,"81":3,"82":3,"83":1,"84":1,"85":2,"86":2,"87":2,"88":7,"89":7,"90":7,"91":1,"92":6,"93":4,"94":4,"95":4,"96":1,"97":3,"98":3,"99":2,"100":1,"101":1,"102":1,"103":1,"104":2,"105":2,"106":2,"107":2,"108":2,"109":2,"110":2,"111":2,"112":2,"113":1,"114":1,"115":6,"116":6,"117":6,"118":1,"119":5,"120":4,"121":1,"122":3,"123":1,"124":2,"125":2,"126":2,"127":2,"128":2,"129":1,"130":1},"f":{"0":16,"1":64,"2":0,"3":2,"4":7,"5":2,"6":7,"7":6},"b":{"0":[1,15],"1":[0,64],"2":[0,0],"3":[64,64],"4":[16,48],"5":[16,48],"6":[16,48],"7":[16,48],"8":[16,16],"9":[16,16],"10":[2,14],"11":[16,14,14,14],"12":[1,13],"13":[14,14],"14":[1,12],"15":[13,13],"16":[1,11],"17":[1,10],"18":[1,9],"19":[1,8],"20":[1,4],"21":[1,3],"22":[0,4],"23":[4,4],"24":[2,2],"25":[1,1],"26":[1,1],"27":[1,2],"28":[1,1],"29":[1,1],"30":[5,1],"31":[5,1],"32":[2,4],"33":[6,5],"34":[1,3],"35":[1,2],"36":[3,1],"37":[3,3],"38":[3,3],"39":[3,3],"40":[3,3],"41":[1,1],"42":[1,6],"43":[1,3],"44":[2,1],"45":[1,1],"46":[1,1],"47":[0,2],"48":[2,0],"49":[2,2],"50":[2,2],"51":[2,2],"52":[2,2],"53":[2,2],"54":[1,1],"55":[2,1],"56":[1,5],"57":[6,6],"58":[1,3],"59":[1,2],"60":[1,1]},"_coverageSchema":"1a1c01bbd47fc00a2c39e90264f33305004495a9","hash":"b5b492ffba91cf95a05384fd8fbc537a3528c0fa"}
,"C:\\Users\\kisha\\kishanportfolio\\DriveBidRent2\\React_DriveBidRent_2\\Backend\\controllers\\chat.controller.js": {"path":"C:\\Users\\kisha\\kishanportfolio\\DriveBidRent2\\React_DriveBidRent_2\\Backend\\controllers\\chat.controller.js","statementMap":{"0":{"start":{"line":7,"column":26},"end":{"line":45,"column":1}},"1":{"start":{"line":8,"column":2},"end":{"line":44,"column":3}},"2":{"start":{"line":9,"column":19},"end":{"line":9,"column":31}},"3":{"start":{"line":11,"column":18},"end":{"line":22,"column":13}},"4":{"start":{"line":26,"column":6},"end":{"line":29,"column":25}},"5":{"start":{"line":31,"column":28},"end":{"line":38,"column":7}},"6":{"start":{"line":32,"column":21},"end":{"line":36,"column":8}},"7":{"start":{"line":37,"column":6},"end":{"line":37,"column":66}},"8":{"start":{"line":40,"column":4},"end":{"line":40,"column":55}},"9":{"start":{"line":42,"column":4},"end":{"line":42,"column":44}},"10":{"start":{"line":43,"column":4},"end":{"line":43,"column":70}},"11":{"start":{"line":48,"column":27},"end":{"line":72,"column":1}},"12":{"start":{"line":49,"column":2},"end":{"line":71,"column":3}},"13":{"start":{"line":50,"column":23},"end":{"line":50,"column":33}},"14":{"start":{"line":51,"column":17},"end":{"line":59,"column":13}},"15":{"start":{"line":61,"column":4},"end":{"line":61,"column":90}},"16":{"start":{"line":61,"column":15},"end":{"line":61,"column":90}},"17":{"start":{"line":63,"column":16},"end":{"line":63,"column":39}},"18":{"start":{"line":64,"column":20},"end":{"line":64,"column":184}},"19":{"start":{"line":64,"column":173},"end":{"line":64,"column":183}},"20":{"start":{"line":65,"column":4},"end":{"line":65,"column":92}},"21":{"start":{"line":65,"column":18},"end":{"line":65,"column":92}},"22":{"start":{"line":67,"column":4},"end":{"line":67,"column":72}},"23":{"start":{"line":69,"column":4},"end":{"line":69,"column":45}},"24":{"start":{"line":70,"column":4},"end":{"line":70,"column":70}},"25":{"start":{"line":75,"column":27},"end":{"line":126,"column":1}},"26":{"start":{"line":76,"column":2},"end":{"line":125,"column":3}},"27":{"start":{"line":77,"column":23},"end":{"line":77,"column":33}},"28":{"start":{"line":78,"column":44},"end":{"line":78,"column":53}},"29":{"start":{"line":80,"column":17},"end":{"line":80,"column":51}},"30":{"start":{"line":81,"column":4},"end":{"line":81,"column":90}},"31":{"start":{"line":81,"column":15},"end":{"line":81,"column":90}},"32":{"start":{"line":83,"column":16},"end":{"line":83,"column":39}},"33":{"start":{"line":84,"column":21},"end":{"line":84,"column":165}},"34":{"start":{"line":84,"column":154},"end":{"line":84,"column":164}},"35":{"start":{"line":85,"column":4},"end":{"line":85,"column":93}},"36":{"start":{"line":85,"column":19},"end":{"line":85,"column":93}},"37":{"start":{"line":87,"column":18},"end":{"line":87,"column":34}},"38":{"start":{"line":88,"column":4},"end":{"line":98,"column":5}},"39":{"start":{"line":90,"column":24},"end":{"line":90,"column":88}},"40":{"start":{"line":91,"column":6},"end":{"line":97,"column":7}},"41":{"start":{"line":93,"column":8},"end":{"line":96,"column":10}},"42":{"start":{"line":101,"column":24},"end":{"line":101,"column":120}},"43":{"start":{"line":103,"column":4},"end":{"line":105,"column":5}},"44":{"start":{"line":104,"column":6},"end":{"line":104,"column":84}},"45":{"start":{"line":107,"column":21},"end":{"line":107,"column":47}},"46":{"start":{"line":110,"column":4},"end":{"line":119,"column":5}},"47":{"start":{"line":111,"column":29},"end":{"line":111,"column":192}},"48":{"start":{"line":111,"column":50},"end":{"line":111,"column":175}},"49":{"start":{"line":111,"column":186},"end":{"line":111,"column":191}},"50":{"start":{"line":112,"column":6},"end":{"line":116,"column":7}},"51":{"start":{"line":113,"column":8},"end":{"line":113,"column":121}},"52":{"start":{"line":115,"column":8},"end":{"line":115,"column":122}},"53":{"start":{"line":115,"column":32},"end":{"line":115,"column":118}},"54":{"start":{"line":115,"column":62},"end":{"line":115,"column":96}},"55":{"start":{"line":115,"column":99},"end":{"line":115,"column":118}},"56":{"start":{"line":118,"column":6},"end":{"line":118,"column":48}},"57":{"start":{"line":121,"column":4},"end":{"line":121,"column":48}},"58":{"start":{"line":123,"column":4},"end":{"line":123,"column":45}},"59":{"start":{"line":124,"column":4},"end":{"line":124,"column":70}},"60":{"start":{"line":129,"column":27},"end":{"line":166,"column":1}},"61":{"start":{"line":130,"column":2},"end":{"line":165,"column":3}},"62":{"start":{"line":131,"column":23},"end":{"line":131,"column":33}},"63":{"start":{"line":132,"column":24},"end":{"line":132,"column":32}},"64":{"start":{"line":134,"column":4},"end":{"line":134,"column":122}},"65":{"start":{"line":134,"column":37},"end":{"line":134,"column":122}},"66":{"start":{"line":136,"column":17},"end":{"line":136,"column":44}},"67":{"start":{"line":137,"column":4},"end":{"line":137,"column":90}},"68":{"start":{"line":137,"column":15},"end":{"line":137,"column":90}},"69":{"start":{"line":139,"column":16},"end":{"line":139,"column":39}},"70":{"start":{"line":140,"column":21},"end":{"line":140,"column":165}},"71":{"start":{"line":140,"column":154},"end":{"line":140,"column":164}},"72":{"start":{"line":141,"column":4},"end":{"line":141,"column":93}},"73":{"start":{"line":141,"column":19},"end":{"line":141,"column":93}},"74":{"start":{"line":144,"column":4},"end":{"line":146,"column":5}},"75":{"start":{"line":145,"column":6},"end":{"line":145,"column":93}},"76":{"start":{"line":150,"column":20},"end":{"line":150,"column":119}},"77":{"start":{"line":151,"column":4},"end":{"line":151,"column":72}},"78":{"start":{"line":154,"column":4},"end":{"line":157,"column":7}},"79":{"start":{"line":161,"column":4},"end":{"line":161,"column":47}},"80":{"start":{"line":163,"column":4},"end":{"line":163,"column":45}},"81":{"start":{"line":164,"column":4},"end":{"line":164,"column":70}},"82":{"start":{"line":169,"column":32},"end":{"line":185,"column":1}},"83":{"start":{"line":170,"column":2},"end":{"line":184,"column":3}},"84":{"start":{"line":171,"column":23},"end":{"line":171,"column":33}},"85":{"start":{"line":172,"column":17},"end":{"line":172,"column":51}},"86":{"start":{"line":173,"column":4},"end":{"line":173,"column":90}},"87":{"start":{"line":173,"column":15},"end":{"line":173,"column":90}},"88":{"start":{"line":175,"column":17},"end":{"line":175,"column":40}},"89":{"start":{"line":176,"column":21},"end":{"line":176,"column":166}},"90":{"start":{"line":176,"column":154},"end":{"line":176,"column":165}},"91":{"start":{"line":177,"column":4},"end":{"line":177,"column":93}},"92":{"start":{"line":177,"column":19},"end":{"line":177,"column":93}},"93":{"start":{"line":179,"column":19},"end":{"line":179,"column":154}},"94":{"start":{"line":180,"column":4},"end":{"line":180,"column":88}},"95":{"start":{"line":182,"column":4},"end":{"line":182,"column":50}},"96":{"start":{"line":183,"column":4},"end":{"line":183,"column":70}},"97":{"start":{"line":188,"column":26},"end":{"line":214,"column":1}},"98":{"start":{"line":189,"column":2},"end":{"line":213,"column":3}},"99":{"start":{"line":190,"column":23},"end":{"line":190,"column":33}},"100":{"start":{"line":191,"column":17},"end":{"line":191,"column":51}},"101":{"start":{"line":194,"column":4},"end":{"line":197,"column":5}},"102":{"start":{"line":195,"column":6},"end":{"line":195,"column":78}},"103":{"start":{"line":196,"column":6},"end":{"line":196,"column":79}},"104":{"start":{"line":199,"column":16},"end":{"line":199,"column":39}},"105":{"start":{"line":200,"column":20},"end":{"line":200,"column":164}},"106":{"start":{"line":200,"column":153},"end":{"line":200,"column":163}},"107":{"start":{"line":201,"column":4},"end":{"line":201,"column":92}},"108":{"start":{"line":201,"column":18},"end":{"line":201,"column":92}},"109":{"start":{"line":204,"column":4},"end":{"line":204,"column":47}},"110":{"start":{"line":207,"column":4},"end":{"line":207,"column":41}},"111":{"start":{"line":209,"column":4},"end":{"line":209,"column":70}},"112":{"start":{"line":211,"column":4},"end":{"line":211,"column":44}},"113":{"start":{"line":212,"column":4},"end":{"line":212,"column":70}},"114":{"start":{"line":217,"column":35},"end":{"line":240,"column":1}},"115":{"start":{"line":218,"column":2},"end":{"line":239,"column":3}},"116":{"start":{"line":219,"column":4},"end":{"line":219,"column":58}},"117":{"start":{"line":219,"column":46},"end":{"line":219,"column":58}},"118":{"start":{"line":220,"column":21},"end":{"line":220,"column":77}},"119":{"start":{"line":221,"column":4},"end":{"line":221,"column":34}},"120":{"start":{"line":221,"column":18},"end":{"line":221,"column":34}},"121":{"start":{"line":223,"column":17},"end":{"line":223,"column":87}},"122":{"start":{"line":224,"column":22},"end":{"line":224,"column":72}},"123":{"start":{"line":226,"column":17},"end":{"line":233,"column":6}},"124":{"start":{"line":235,"column":4},"end":{"line":235,"column":16}},"125":{"start":{"line":237,"column":4},"end":{"line":237,"column":53}},"126":{"start":{"line":238,"column":4},"end":{"line":238,"column":16}},"127":{"start":{"line":243,"column":36},"end":{"line":265,"column":1}},"128":{"start":{"line":244,"column":2},"end":{"line":264,"column":3}},"129":{"start":{"line":245,"column":4},"end":{"line":245,"column":59}},"130":{"start":{"line":245,"column":47},"end":{"line":245,"column":59}},"131":{"start":{"line":246,"column":21},"end":{"line":246,"column":72}},"132":{"start":{"line":247,"column":4},"end":{"line":247,"column":34}},"133":{"start":{"line":247,"column":18},"end":{"line":247,"column":34}},"134":{"start":{"line":249,"column":22},"end":{"line":249,"column":74}},"135":{"start":{"line":250,"column":17},"end":{"line":258,"column":6}},"136":{"start":{"line":260,"column":4},"end":{"line":260,"column":16}},"137":{"start":{"line":262,"column":4},"end":{"line":262,"column":54}},"138":{"start":{"line":263,"column":4},"end":{"line":263,"column":16}},"139":{"start":{"line":268,"column":44},"end":{"line":290,"column":1}},"140":{"start":{"line":269,"column":2},"end":{"line":289,"column":3}},"141":{"start":{"line":270,"column":27},"end":{"line":270,"column":37}},"142":{"start":{"line":271,"column":4},"end":{"line":271,"column":101}},"143":{"start":{"line":271,"column":21},"end":{"line":271,"column":101}},"144":{"start":{"line":273,"column":21},"end":{"line":273,"column":68}},"145":{"start":{"line":274,"column":27},"end":{"line":274,"column":80}},"146":{"start":{"line":276,"column":21},"end":{"line":276,"column":63}},"147":{"start":{"line":277,"column":4},"end":{"line":277,"column":98}},"148":{"start":{"line":277,"column":19},"end":{"line":277,"column":98}},"149":{"start":{"line":279,"column":20},"end":{"line":279,"column":76}},"150":{"start":{"line":280,"column":4},"end":{"line":280,"column":109}},"151":{"start":{"line":280,"column":18},"end":{"line":280,"column":109}},"152":{"start":{"line":282,"column":17},"end":{"line":282,"column":107}},"153":{"start":{"line":283,"column":4},"end":{"line":283,"column":97}},"154":{"start":{"line":283,"column":15},"end":{"line":283,"column":97}},"155":{"start":{"line":285,"column":4},"end":{"line":285,"column":48}},"156":{"start":{"line":287,"column":4},"end":{"line":287,"column":62}},"157":{"start":{"line":288,"column":4},"end":{"line":288,"column":70}},"158":{"start":{"line":293,"column":42},"end":{"line":311,"column":1}},"159":{"start":{"line":294,"column":2},"end":{"line":310,"column":3}},"160":{"start":{"line":295,"column":25},"end":{"line":295,"column":35}},"161":{"start":{"line":296,"column":4},"end":{"line":296,"column":97}},"162":{"start":{"line":296,"column":19},"end":{"line":296,"column":97}},"163":{"start":{"line":298,"column":26},"end":{"line":298,"column":78}},"164":{"start":{"line":299,"column":19},"end":{"line":299,"column":64}},"165":{"start":{"line":300,"column":4},"end":{"line":300,"column":94}},"166":{"start":{"line":300,"column":17},"end":{"line":300,"column":94}},"167":{"start":{"line":303,"column":17},"end":{"line":303,"column":50}},"168":{"start":{"line":304,"column":4},"end":{"line":304,"column":97}},"169":{"start":{"line":304,"column":15},"end":{"line":304,"column":97}},"170":{"start":{"line":306,"column":4},"end":{"line":306,"column":48}},"171":{"start":{"line":308,"column":4},"end":{"line":308,"column":60}},"172":{"start":{"line":309,"column":4},"end":{"line":309,"column":70}},"173":{"start":{"line":314,"column":43},"end":{"line":372,"column":1}},"174":{"start":{"line":315,"column":2},"end":{"line":371,"column":3}},"175":{"start":{"line":316,"column":4},"end":{"line":316,"column":55}},"176":{"start":{"line":317,"column":26},"end":{"line":317,"column":36}},"177":{"start":{"line":318,"column":4},"end":{"line":318,"column":42}},"178":{"start":{"line":319,"column":4},"end":{"line":319,"column":35}},"179":{"start":{"line":321,"column":4},"end":{"line":321,"column":99}},"180":{"start":{"line":321,"column":20},"end":{"line":321,"column":99}},"181":{"start":{"line":323,"column":27},"end":{"line":323,"column":80}},"182":{"start":{"line":324,"column":4},"end":{"line":324,"column":41}},"183":{"start":{"line":325,"column":20},"end":{"line":325,"column":67}},"184":{"start":{"line":326,"column":4},"end":{"line":326,"column":58}},"185":{"start":{"line":328,"column":4},"end":{"line":328,"column":96}},"186":{"start":{"line":328,"column":18},"end":{"line":328,"column":96}},"187":{"start":{"line":330,"column":20},"end":{"line":330,"column":32}},"188":{"start":{"line":331,"column":21},"end":{"line":331,"column":37}},"189":{"start":{"line":332,"column":4},"end":{"line":332,"column":38}},"190":{"start":{"line":333,"column":4},"end":{"line":333,"column":40}},"191":{"start":{"line":336,"column":4},"end":{"line":336,"column":49}},"192":{"start":{"line":337,"column":21},"end":{"line":341,"column":6}},"193":{"start":{"line":343,"column":4},"end":{"line":346,"column":5}},"194":{"start":{"line":344,"column":6},"end":{"line":344,"column":56}},"195":{"start":{"line":345,"column":6},"end":{"line":345,"column":67}},"196":{"start":{"line":348,"column":4},"end":{"line":348,"column":40}},"197":{"start":{"line":350,"column":27},"end":{"line":350,"column":83}},"198":{"start":{"line":351,"column":22},"end":{"line":354,"column":6}},"199":{"start":{"line":356,"column":17},"end":{"line":363,"column":6}},"200":{"start":{"line":365,"column":4},"end":{"line":365,"column":56}},"201":{"start":{"line":366,"column":4},"end":{"line":366,"column":48}},"202":{"start":{"line":368,"column":4},"end":{"line":368,"column":61}},"203":{"start":{"line":369,"column":4},"end":{"line":369,"column":45}},"204":{"start":{"line":370,"column":4},"end":{"line":370,"column":90}},"205":{"start":{"line":387,"column":36},"end":{"line":397,"column":1}},"206":{"start":{"line":388,"column":2},"end":{"line":396,"column":3}},"207":{"start":{"line":389,"column":4},"end":{"line":392,"column":6}},"208":{"start":{"line":394,"column":4},"end":{"line":394,"column":54}},"209":{"start":{"line":395,"column":4},"end":{"line":395,"column":16}}},"fnMap":{"0":{"name":"(anonymous_0)","decl":{"start":{"line":7,"column":26},"end":{"line":7,"column":27}},"loc":{"start":{"line":7,"column":46},"end":{"line":45,"column":1}},"line":7},"1":{"name":"(anonymous_1)","decl":{"start":{"line":31,"column":56},"end":{"line":31,"column":57}},"loc":{"start":{"line":31,"column":67},"end":{"line":38,"column":5}},"line":31},"2":{"name":"(anonymous_2)","decl":{"start":{"line":48,"column":27},"end":{"line":48,"column":28}},"loc":{"start":{"line":48,"column":47},"end":{"line":72,"column":1}},"line":48},"3":{"name":"(anonymous_3)","decl":{"start":{"line":64,"column":167},"end":{"line":64,"column":168}},"loc":{"start":{"line":64,"column":173},"end":{"line":64,"column":183}},"line":64},"4":{"name":"(anonymous_4)","decl":{"start":{"line":75,"column":27},"end":{"line":75,"column":28}},"loc":{"start":{"line":75,"column":47},"end":{"line":126,"column":1}},"line":75},"5":{"name":"(anonymous_5)","decl":{"start":{"line":84,"column":148},"end":{"line":84,"column":149}},"loc":{"start":{"line":84,"column":154},"end":{"line":84,"column":164}},"line":84},"6":{"name":"(anonymous_6)","decl":{"start":{"line":111,"column":45},"end":{"line":111,"column":46}},"loc":{"start":{"line":111,"column":50},"end":{"line":111,"column":175}},"line":111},"7":{"name":"(anonymous_7)","decl":{"start":{"line":111,"column":181},"end":{"line":111,"column":182}},"loc":{"start":{"line":111,"column":186},"end":{"line":111,"column":191}},"line":111},"8":{"name":"(anonymous_8)","decl":{"start":{"line":115,"column":25},"end":{"line":115,"column":26}},"loc":{"start":{"line":115,"column":30},"end":{"line":115,"column":120}},"line":115},"9":{"name":"(anonymous_9)","decl":{"start":{"line":115,"column":56},"end":{"line":115,"column":57}},"loc":{"start":{"line":115,"column":62},"end":{"line":115,"column":96}},"line":115},"10":{"name":"(anonymous_10)","decl":{"start":{"line":129,"column":27},"end":{"line":129,"column":28}},"loc":{"start":{"line":129,"column":47},"end":{"line":166,"column":1}},"line":129},"11":{"name":"(anonymous_11)","decl":{"start":{"line":140,"column":148},"end":{"line":140,"column":149}},"loc":{"start":{"line":140,"column":154},"end":{"line":140,"column":164}},"line":140},"12":{"name":"(anonymous_12)","decl":{"start":{"line":169,"column":32},"end":{"line":169,"column":33}},"loc":{"start":{"line":169,"column":52},"end":{"line":185,"column":1}},"line":169},"13":{"name":"(anonymous_13)","decl":{"start":{"line":176,"column":148},"end":{"line":176,"column":149}},"loc":{"start":{"line":176,"column":154},"end":{"line":176,"column":165}},"line":176},"14":{"name":"(anonymous_14)","decl":{"start":{"line":188,"column":26},"end":{"line":188,"column":27}},"loc":{"start":{"line":188,"column":46},"end":{"line":214,"column":1}},"line":188},"15":{"name":"(anonymous_15)","decl":{"start":{"line":200,"column":147},"end":{"line":200,"column":148}},"loc":{"start":{"line":200,"column":153},"end":{"line":200,"column":163}},"line":200},"16":{"name":"(anonymous_16)","decl":{"start":{"line":217,"column":35},"end":{"line":217,"column":36}},"loc":{"start":{"line":217,"column":60},"end":{"line":240,"column":1}},"line":217},"17":{"name":"(anonymous_17)","decl":{"start":{"line":243,"column":36},"end":{"line":243,"column":37}},"loc":{"start":{"line":243,"column":86},"end":{"line":265,"column":1}},"line":243},"18":{"name":"(anonymous_18)","decl":{"start":{"line":268,"column":44},"end":{"line":268,"column":45}},"loc":{"start":{"line":268,"column":64},"end":{"line":290,"column":1}},"line":268},"19":{"name":"(anonymous_19)","decl":{"start":{"line":293,"column":42},"end":{"line":293,"column":43}},"loc":{"start":{"line":293,"column":62},"end":{"line":311,"column":1}},"line":293},"20":{"name":"(anonymous_20)","decl":{"start":{"line":314,"column":43},"end":{"line":314,"column":44}},"loc":{"start":{"line":314,"column":63},"end":{"line":372,"column":1}},"line":314},"21":{"name":"(anonymous_21)","decl":{"start":{"line":387,"column":36},"end":{"line":387,"column":37}},"loc":{"start":{"line":387,"column":64},"end":{"line":397,"column":1}},"line":387}},"branchMap":{"0":{"loc":{"start":{"line":26,"column":6},"end":{"line":29,"column":25}},"type":"cond-expr","locations":[{"start":{"line":26,"column":41},"end":{"line":26,"column":62}},{"start":{"line":27,"column":6},"end":{"line":29,"column":25}}],"line":26},"1":{"loc":{"start":{"line":27,"column":6},"end":{"line":29,"column":25}},"type":"cond-expr","locations":[{"start":{"line":27,"column":48},"end":{"line":27,"column":75}},{"start":{"line":28,"column":6},"end":{"line":29,"column":25}}],"line":27},"2":{"loc":{"start":{"line":28,"column":6},"end":{"line":29,"column":25}},"type":"cond-expr","locations":[{"start":{"line":28,"column":38},"end":{"line":28,"column":56}},{"start":{"line":29,"column":6},"end":{"line":29,"column":25}}],"line":28},"3":{"loc":{"start":{"line":61,"column":4},"end":{"line":61,"column":90}},"type":"if","locations":[{"start":{"line":61,"column":4},"end":{"line":61,"column":90}},{"start":{},"end":{}}],"line":61},"4":{"loc":{"start":{"line":65,"column":4},"end":{"line":65,"column":92}},"type":"if","locations":[{"start":{"line":65,"column":4},"end":{"line":65,"column":92}},{"start":{},"end":{}}],"line":65},"5":{"loc":{"start":{"line":78,"column":12},"end":{"line":78,"column":20}},"type":"default-arg","locations":[{"start":{"line":78,"column":19},"end":{"line":78,"column":20}}],"line":78},"6":{"loc":{"start":{"line":78,"column":22},"end":{"line":78,"column":32}},"type":"default-arg","locations":[{"start":{"line":78,"column":30},"end":{"line":78,"column":32}}],"line":78},"7":{"loc":{"start":{"line":81,"column":4},"end":{"line":81,"column":90}},"type":"if","locations":[{"start":{"line":81,"column":4},"end":{"line":81,"column":90}},{"start":{},"end":{}}],"line":81},"8":{"loc":{"start":{"line":85,"column":4},"end":{"line":85,"column":93}},"type":"if","locations":[{"start":{"line":85,"column":4},"end":{"line":85,"column":93}},{"start":{},"end":{}}],"line":85},"9":{"loc":{"start":{"line":88,"column":4},"end":{"line":98,"column":5}},"type":"if","locations":[{"start":{"line":88,"column":4},"end":{"line":98,"column":5}},{"start":{},"end":{}}],"line":88},"10":{"loc":{"start":{"line":90,"column":24},"end":{"line":90,"column":88}},"type":"cond-expr","locations":[{"start":{"line":90,"column":47},"end":{"line":90,"column":62}},{"start":{"line":90,"column":65},"end":{"line":90,"column":88}}],"line":90},"11":{"loc":{"start":{"line":91,"column":6},"end":{"line":97,"column":7}},"type":"if","locations":[{"start":{"line":91,"column":6},"end":{"line":97,"column":7}},{"start":{},"end":{}}],"line":91},"12":{"loc":{"start":{"line":103,"column":4},"end":{"line":105,"column":5}},"type":"if","locations":[{"start":{"line":103,"column":4},"end":{"line":105,"column":5}},{"start":{},"end":{}}],"line":103},"13":{"loc":{"start":{"line":111,"column":50},"end":{"line":111,"column":175}},"type":"binary-expr","locations":[{"start":{"line":111,"column":50},"end":{"line":111,"column":62}},{"start":{"line":111,"column":66},"end":{"line":111,"column":74}},{"start":{"line":111,"column":78},"end":{"line":111,"column":175}}],"line":111},"14":{"loc":{"start":{"line":111,"column":79},"end":{"line":111,"column":166}},"type":"binary-expr","locations":[{"start":{"line":111,"column":80},"end":{"line":111,"column":92}},{"start":{"line":111,"column":96},"end":{"line":111,"column":119}},{"start":{"line":111,"column":125},"end":{"line":111,"column":142}},{"start":{"line":111,"column":146},"end":{"line":111,"column":165}}],"line":111},"15":{"loc":{"start":{"line":112,"column":6},"end":{"line":116,"column":7}},"type":"if","locations":[{"start":{"line":112,"column":6},"end":{"line":116,"column":7}},{"start":{},"end":{}}],"line":112},"16":{"loc":{"start":{"line":115,"column":32},"end":{"line":115,"column":118}},"type":"if","locations":[{"start":{"line":115,"column":32},"end":{"line":115,"column":118}},{"start":{},"end":{}}],"line":115},"17":{"loc":{"start":{"line":134,"column":4},"end":{"line":134,"column":122}},"type":"if","locations":[{"start":{"line":134,"column":4},"end":{"line":134,"column":122}},{"start":{},"end":{}}],"line":134},"18":{"loc":{"start":{"line":134,"column":8},"end":{"line":134,"column":35}},"type":"binary-expr","locations":[{"start":{"line":134,"column":8},"end":{"line":134,"column":16}},{"start":{"line":134,"column":20},"end":{"line":134,"column":35}}],"line":134},"19":{"loc":{"start":{"line":137,"column":4},"end":{"line":137,"column":90}},"type":"if","locations":[{"start":{"line":137,"column":4},"end":{"line":137,"column":90}},{"start":{},"end":{}}],"line":137},"20":{"loc":{"start":{"line":141,"column":4},"end":{"line":141,"column":93}},"type":"if","locations":[{"start":{"line":141,"column":4},"end":{"line":141,"column":93}},{"start":{},"end":{}}],"line":141},"21":{"loc":{"start":{"line":144,"column":4},"end":{"line":146,"column":5}},"type":"if","locations":[{"start":{"line":144,"column":4},"end":{"line":146,"column":5}},{"start":{},"end":{}}],"line":144},"22":{"loc":{"start":{"line":173,"column":4},"end":{"line":173,"column":90}},"type":"if","locations":[{"start":{"line":173,"column":4},"end":{"line":173,"column":90}},{"start":{},"end":{}}],"line":173},"23":{"loc":{"start":{"line":177,"column":4},"end":{"line":177,"column":93}},"type":"if","locations":[{"start":{"line":177,"column":4},"end":{"line":177,"column":93}},{"start":{},"end":{}}],"line":177},"24":{"loc":{"start":{"line":180,"column":39},"end":{"line":180,"column":84}},"type":"binary-expr","locations":[{"start":{"line":180,"column":39},"end":{"line":180,"column":55}},{"start":{"line":180,"column":59},"end":{"line":180,"column":79}},{"start":{"line":180,"column":83},"end":{"line":180,"column":84}}],"line":180},"25":{"loc":{"start":{"line":194,"column":4},"end":{"line":197,"column":5}},"type":"if","locations":[{"start":{"line":194,"column":4},"end":{"line":197,"column":5}},{"start":{},"end":{}}],"line":194},"26":{"loc":{"start":{"line":201,"column":4},"end":{"line":201,"column":92}},"type":"if","locations":[{"start":{"line":201,"column":4},"end":{"line":201,"column":92}},{"start":{},"end":{}}],"line":201},"27":{"loc":{"start":{"line":219,"column":4},"end":{"line":219,"column":58}},"type":"if","locations":[{"start":{"line":219,"column":4},"end":{"line":219,"column":58}},{"start":{},"end":{}}],"line":219},"28":{"loc":{"start":{"line":219,"column":8},"end":{"line":219,"column":44}},"type":"binary-expr","locations":[{"start":{"line":219,"column":8},"end":{"line":219,"column":22}},{"start":{"line":219,"column":26},"end":{"line":219,"column":44}}],"line":219},"29":{"loc":{"start":{"line":221,"column":4},"end":{"line":221,"column":34}},"type":"if","locations":[{"start":{"line":221,"column":4},"end":{"line":221,"column":34}},{"start":{},"end":{}}],"line":221},"30":{"loc":{"start":{"line":223,"column":17},"end":{"line":223,"column":87}},"type":"cond-expr","locations":[{"start":{"line":223,"column":42},"end":{"line":223,"column":74}},{"start":{"line":223,"column":77},"end":{"line":223,"column":87}}],"line":223},"31":{"loc":{"start":{"line":243,"column":62},"end":{"line":243,"column":81}},"type":"default-arg","locations":[{"start":{"line":243,"column":71},"end":{"line":243,"column":81}}],"line":243},"32":{"loc":{"start":{"line":245,"column":4},"end":{"line":245,"column":59}},"type":"if","locations":[{"start":{"line":245,"column":4},"end":{"line":245,"column":59}},{"start":{},"end":{}}],"line":245},"33":{"loc":{"start":{"line":245,"column":8},"end":{"line":245,"column":45}},"type":"binary-expr","locations":[{"start":{"line":245,"column":8},"end":{"line":245,"column":16}},{"start":{"line":245,"column":20},"end":{"line":245,"column":32}},{"start":{"line":245,"column":36},"end":{"line":245,"column":45}}],"line":245},"34":{"loc":{"start":{"line":247,"column":4},"end":{"line":247,"column":34}},"type":"if","locations":[{"start":{"line":247,"column":4},"end":{"line":247,"column":34}},{"start":{},"end":{}}],"line":247},"35":{"loc":{"start":{"line":256,"column":18},"end":{"line":256,"column":57}},"type":"binary-expr","locations":[{"start":{"line":256,"column":18},"end":{"line":256,"column":44}},{"start":{"line":256,"column":48},"end":{"line":256,"column":57}}],"line":256},"36":{"loc":{"start":{"line":271,"column":4},"end":{"line":271,"column":101}},"type":"if","locations":[{"start":{"line":271,"column":4},"end":{"line":271,"column":101}},{"start":{},"end":{}}],"line":271},"37":{"loc":{"start":{"line":277,"column":4},"end":{"line":277,"column":98}},"type":"if","locations":[{"start":{"line":277,"column":4},"end":{"line":277,"column":98}},{"start":{},"end":{}}],"line":277},"38":{"loc":{"start":{"line":280,"column":4},"end":{"line":280,"column":109}},"type":"if","locations":[{"start":{"line":280,"column":4},"end":{"line":280,"column":109}},{"start":{},"end":{}}],"line":280},"39":{"loc":{"start":{"line":282,"column":71},"end":{"line":282,"column":106}},"type":"binary-expr","locations":[{"start":{"line":282,"column":71},"end":{"line":282,"column":92}},{"start":{"line":282,"column":96},"end":{"line":282,"column":106}}],"line":282},"40":{"loc":{"start":{"line":283,"column":4},"end":{"line":283,"column":97}},"type":"if","locations":[{"start":{"line":283,"column":4},"end":{"line":283,"column":97}},{"start":{},"end":{}}],"line":283},"41":{"loc":{"start":{"line":296,"column":4},"end":{"line":296,"column":97}},"type":"if","locations":[{"start":{"line":296,"column":4},"end":{"line":296,"column":97}},{"start":{},"end":{}}],"line":296},"42":{"loc":{"start":{"line":300,"column":4},"end":{"line":300,"column":94}},"type":"if","locations":[{"start":{"line":300,"column":4},"end":{"line":300,"column":94}},{"start":{},"end":{}}],"line":300},"43":{"loc":{"start":{"line":304,"column":4},"end":{"line":304,"column":97}},"type":"if","locations":[{"start":{"line":304,"column":4},"end":{"line":304,"column":97}},{"start":{},"end":{}}],"line":304},"44":{"loc":{"start":{"line":321,"column":4},"end":{"line":321,"column":99}},"type":"if","locations":[{"start":{"line":321,"column":4},"end":{"line":321,"column":99}},{"start":{},"end":{}}],"line":321},"45":{"loc":{"start":{"line":326,"column":34},"end":{"line":326,"column":56}},"type":"cond-expr","locations":[{"start":{"line":326,"column":44},"end":{"line":326,"column":49}},{"start":{"line":326,"column":52},"end":{"line":326,"column":56}}],"line":326},"46":{"loc":{"start":{"line":328,"column":4},"end":{"line":328,"column":96}},"type":"if","locations":[{"start":{"line":328,"column":4},"end":{"line":328,"column":96}},{"start":{},"end":{}}],"line":328},"47":{"loc":{"start":{"line":343,"column":4},"end":{"line":346,"column":5}},"type":"if","locations":[{"start":{"line":343,"column":4},"end":{"line":346,"column":5}},{"start":{},"end":{}}],"line":343},"48":{"loc":{"start":{"line":350,"column":27},"end":{"line":350,"column":83}},"type":"cond-expr","locations":[{"start":{"line":350,"column":45},"end":{"line":350,"column":70}},{"start":{"line":350,"column":73},"end":{"line":350,"column":83}}],"line":350},"49":{"loc":{"start":{"line":362,"column":25},"end":{"line":362,"column":57}},"type":"binary-expr","locations":[{"start":{"line":362,"column":25},"end":{"line":362,"column":44}},{"start":{"line":362,"column":48},"end":{"line":362,"column":57}}],"line":362}},"s":{"0":2,"1":0,"2":0,"3":0,"4":0,"5":0,"6":0,"7":0,"8":0,"9":0,"10":0,"11":2,"12":3,"13":3,"14":3,"15":3,"16":1,"17":2,"18":2,"19":5,"20":2,"21":1,"22":1,"23":0,"24":0,"25":2,"26":0,"27":0,"28":0,"29":0,"30":0,"31":0,"32":0,"33":0,"34":0,"35":0,"36":0,"37":0,"38":0,"39":0,"40":0,"41":0,"42":0,"43":0,"44":0,"45":0,"46":0,"47":0,"48":0,"49":0,"50":0,"51":0,"52":0,"53":0,"54":0,"55":0,"56":0,"57":0,"58":0,"59":0,"60":2,"61":5,"62":5,"63":5,"64":5,"65":1,"66":4,"67":4,"68":1,"69":3,"70":3,"71":6,"72":3,"73":1,"74":2,"75":1,"76":1,"77":1,"78":1,"79":1,"80":0,"81":0,"82":2,"83":3,"84":3,"85":3,"86":3,"87":1,"88":2,"89":2,"90":5,"91":2,"92":1,"93":1,"94":1,"95":0,"96":0,"97":2,"98":3,"99":3,"100":3,"101":3,"102":1,"103":1,"104":2,"105":2,"106":5,"107":2,"108":1,"109":1,"110":1,"111":1,"112":0,"113":0,"114":2,"115":4,"116":4,"117":2,"118":2,"119":2,"120":1,"121":1,"122":1,"123":1,"124":1,"125":0,"126":0,"127":2,"128":1,"129":1,"130":0,"131":1,"132":1,"133":0,"134":1,"135":1,"136":1,"137":0,"138":0,"139":2,"140":0,"141":0,"142":0,"143":0,"144":0,"145":0,"146":0,"147":0,"148":0,"149":0,"150":0,"151":0,"152":0,"153":0,"154":0,"155":0,"156":0,"157":0,"158":2,"159":0,"160":0,"161":0,"162":0,"163":0,"164":0,"165":0,"166":0,"167":0,"168":0,"169":0,"170":0,"171":0,"172":0,"173":2,"174":0,"175":0,"176":0,"177":0,"178":0,"179":0,"180":0,"181":0,"182":0,"183":0,"184":0,"185":0,"186":0,"187":0,"188":0,"189":0,"190":0,"191":0,"192":0,"193":0,"194":0,"195":0,"196":0,"197":0,"198":0,"199":0,"200":0,"201":0,"202":0,"203":0,"204":0,"205":2,"206":1,"207":1,"208":0,"209":0},"f":{"0":0,"1":0,"2":3,"3":5,"4":0,"5":0,"6":0,"7":0,"8":0,"9":0,"10":5,"11":6,"12":3,"13":5,"14":3,"15":5,"16":4,"17":1,"18":0,"19":0,"20":0,"21":1},"b":{"0":[0,0],"1":[0,0],"2":[0,0],"3":[1,2],"4":[1,1],"5":[0],"6":[0],"7":[0,0],"8":[0,0],"9":[0,0],"10":[0,0],"11":[0,0],"12":[0,0],"13":[0,0,0],"14":[0,0,0,0],"15":[0,0],"16":[0,0],"17":[1,4],"18":[5,5],"19":[1,3],"20":[1,2],"21":[1,1],"22":[1,2],"23":[1,1],"24":[1,1,0],"25":[1,2],"26":[1,1],"27":[2,2],"28":[4,3],"29":[1,1],"30":[1,0],"31":[0],"32":[0,1],"33":[1,1,1],"34":[0,1],"35":[1,0],"36":[0,0],"37":[0,0],"38":[0,0],"39":[0,0],"40":[0,0],"41":[0,0],"42":[0,0],"43":[0,0],"44":[0,0],"45":[0,0],"46":[0,0],"47":[0,0],"48":[0,0],"49":[0,0]},"_coverageSchema":"1a1c01bbd47fc00a2c39e90264f33305004495a9","hash":"09908ae0339e89b3483ffbcd0a5faf736bf8bec3"}
,"C:\\Users\\kisha\\kishanportfolio\\DriveBidRent2\\React_DriveBidRent_2\\Backend\\controllers\\home.controller.js": {"path":"C:\\Users\\kisha\\kishanportfolio\\DriveBidRent2\\React_DriveBidRent_2\\Backend\\controllers\\home.controller.js","statementMap":{"0":{"start":{"line":5,"column":23},"end":{"line":30,"column":1}},"1":{"start":{"line":7,"column":4},"end":{"line":28,"column":5}},"2":{"start":{"line":8,"column":25},"end":{"line":10,"column":17}},"3":{"start":{"line":12,"column":26},"end":{"line":14,"column":17}},"4":{"start":{"line":16,"column":6},"end":{"line":20,"column":9}},"5":{"start":{"line":22,"column":6},"end":{"line":22,"column":69}},"6":{"start":{"line":23,"column":6},"end":{"line":27,"column":9}}},"fnMap":{"0":{"name":"(anonymous_0)","decl":{"start":{"line":6,"column":15},"end":{"line":6,"column":16}},"loc":{"start":{"line":6,"column":35},"end":{"line":29,"column":3}},"line":6}},"branchMap":{},"s":{"0":1,"1":2,"2":2,"3":1,"4":1,"5":1,"6":1},"f":{"0":2},"b":{},"_coverageSchema":"1a1c01bbd47fc00a2c39e90264f33305004495a9","hash":"ef4230498c9b1bbbbf9b4bbad6dbdd58fb2d798f"}
,"C:\\Users\\kisha\\kishanportfolio\\DriveBidRent2\\React_DriveBidRent_2\\Backend\\controllers\\adminControllers\\analytics.controllers.js": {"path":"C:\\Users\\kisha\\kishanportfolio\\DriveBidRent2\\React_DriveBidRent_2\\Backend\\controllers\\adminControllers\\analytics.controllers.js","statementMap":{"0":{"start":{"line":8,"column":21},"end":{"line":350,"column":1}},"1":{"start":{"line":9,"column":2},"end":{"line":349,"column":3}},"2":{"start":{"line":11,"column":23},"end":{"line":11,"column":50}},"3":{"start":{"line":12,"column":24},"end":{"line":12,"column":72}},"4":{"start":{"line":13,"column":25},"end":{"line":13,"column":74}},"5":{"start":{"line":14,"column":27},"end":{"line":14,"column":78}},"6":{"start":{"line":15,"column":33},"end":{"line":15,"column":91}},"7":{"start":{"line":16,"column":25},"end":{"line":16,"column":74}},"8":{"start":{"line":18,"column":33},"end":{"line":24,"column":36}},"9":{"start":{"line":24,"column":21},"end":{"line":24,"column":35}},"10":{"start":{"line":28,"column":32},"end":{"line":32,"column":6}},"11":{"start":{"line":36,"column":33},"end":{"line":79,"column":6}},"12":{"start":{"line":83,"column":23},"end":{"line":127,"column":6}},"13":{"start":{"line":130,"column":31},"end":{"line":161,"column":6}},"14":{"start":{"line":164,"column":22},"end":{"line":197,"column":6}},"15":{"start":{"line":200,"column":23},"end":{"line":231,"column":6}},"16":{"start":{"line":235,"column":32},"end":{"line":246,"column":6}},"17":{"start":{"line":248,"column":31},"end":{"line":250,"column":6}},"18":{"start":{"line":252,"column":27},"end":{"line":252,"column":61}},"19":{"start":{"line":253,"column":26},"end":{"line":253,"column":59}},"20":{"start":{"line":255,"column":32},"end":{"line":258,"column":5}},"21":{"start":{"line":262,"column":28},"end":{"line":262,"column":86}},"22":{"start":{"line":263,"column":31},"end":{"line":263,"column":98}},"23":{"start":{"line":264,"column":31},"end":{"line":271,"column":6}},"24":{"start":{"line":272,"column":25},"end":{"line":272,"column":88}},"25":{"start":{"line":273,"column":26},"end":{"line":273,"column":91}},"26":{"start":{"line":274,"column":29},"end":{"line":274,"column":88}},"27":{"start":{"line":276,"column":38},"end":{"line":283,"column":36}},"28":{"start":{"line":283,"column":21},"end":{"line":283,"column":35}},"29":{"start":{"line":286,"column":28},"end":{"line":286,"column":61}},"30":{"start":{"line":287,"column":33},"end":{"line":287,"column":70}},"31":{"start":{"line":288,"column":26},"end":{"line":288,"column":57}},"32":{"start":{"line":289,"column":26},"end":{"line":289,"column":87}},"33":{"start":{"line":291,"column":31},"end":{"line":311,"column":6}},"34":{"start":{"line":313,"column":4},"end":{"line":341,"column":7}},"35":{"start":{"line":343,"column":4},"end":{"line":343,"column":57}},"36":{"start":{"line":344,"column":4},"end":{"line":348,"column":7}}},"fnMap":{"0":{"name":"(anonymous_0)","decl":{"start":{"line":8,"column":21},"end":{"line":8,"column":22}},"loc":{"start":{"line":8,"column":41},"end":{"line":350,"column":1}},"line":8},"1":{"name":"(anonymous_1)","decl":{"start":{"line":24,"column":13},"end":{"line":24,"column":14}},"loc":{"start":{"line":24,"column":21},"end":{"line":24,"column":35}},"line":24},"2":{"name":"(anonymous_2)","decl":{"start":{"line":283,"column":13},"end":{"line":283,"column":14}},"loc":{"start":{"line":283,"column":21},"end":{"line":283,"column":35}},"line":283}},"branchMap":{"0":{"loc":{"start":{"line":252,"column":27},"end":{"line":252,"column":61}},"type":"binary-expr","locations":[{"start":{"line":252,"column":27},"end":{"line":252,"column":56}},{"start":{"line":252,"column":60},"end":{"line":252,"column":61}}],"line":252},"1":{"loc":{"start":{"line":253,"column":26},"end":{"line":253,"column":59}},"type":"binary-expr","locations":[{"start":{"line":253,"column":26},"end":{"line":253,"column":54}},{"start":{"line":253,"column":58},"end":{"line":253,"column":59}}],"line":253}},"s":{"0":1,"1":2,"2":2,"3":1,"4":1,"5":1,"6":1,"7":1,"8":1,"9":5,"10":1,"11":1,"12":1,"13":1,"14":1,"15":1,"16":1,"17":1,"18":1,"19":1,"20":1,"21":1,"22":1,"23":1,"24":1,"25":1,"26":1,"27":1,"28":6,"29":1,"30":1,"31":1,"32":1,"33":1,"34":1,"35":1,"36":1},"f":{"0":2,"1":5,"2":6},"b":{"0":[1,0],"1":[1,0]},"_coverageSchema":"1a1c01bbd47fc00a2c39e90264f33305004495a9","hash":"8028027be373a07a6328fc567b27d5d4120078bf"}
,"C:\\Users\\kisha\\kishanportfolio\\DriveBidRent2\\React_DriveBidRent_2\\Backend\\controllers\\adminControllers\\dashboard.controllers.js": {"path":"C:\\Users\\kisha\\kishanportfolio\\DriveBidRent2\\React_DriveBidRent_2\\Backend\\controllers\\adminControllers\\dashboard.controllers.js","statementMap":{"0":{"start":{"line":7,"column":26},"end":{"line":107,"column":1}},"1":{"start":{"line":8,"column":2},"end":{"line":106,"column":3}},"2":{"start":{"line":9,"column":23},"end":{"line":9,"column":50}},"3":{"start":{"line":10,"column":24},"end":{"line":10,"column":72}},"4":{"start":{"line":11,"column":25},"end":{"line":11,"column":74}},"5":{"start":{"line":12,"column":27},"end":{"line":12,"column":78}},"6":{"start":{"line":14,"column":24},"end":{"line":17,"column":13}},"7":{"start":{"line":19,"column":32},"end":{"line":19,"column":97}},"8":{"start":{"line":19,"column":66},"end":{"line":19,"column":93}},"9":{"start":{"line":21,"column":22},"end":{"line":24,"column":13}},"10":{"start":{"line":27,"column":33},"end":{"line":27,"column":115}},"11":{"start":{"line":27,"column":69},"end":{"line":27,"column":111}},"12":{"start":{"line":28,"column":26},"end":{"line":28,"column":68}},"13":{"start":{"line":30,"column":29},"end":{"line":33,"column":7}},"14":{"start":{"line":30,"column":56},"end":{"line":33,"column":5}},"15":{"start":{"line":35,"column":30},"end":{"line":41,"column":6}},"16":{"start":{"line":36,"column":29},"end":{"line":36,"column":58}},"17":{"start":{"line":37,"column":6},"end":{"line":40,"column":8}},"18":{"start":{"line":43,"column":23},"end":{"line":48,"column":13}},"19":{"start":{"line":50,"column":26},"end":{"line":53,"column":7}},"20":{"start":{"line":50,"column":51},"end":{"line":53,"column":5}},"21":{"start":{"line":55,"column":27},"end":{"line":59,"column":13}},"22":{"start":{"line":61,"column":38},"end":{"line":64,"column":7}},"23":{"start":{"line":61,"column":71},"end":{"line":64,"column":5}},"24":{"start":{"line":66,"column":24},"end":{"line":70,"column":13}},"25":{"start":{"line":72,"column":27},"end":{"line":75,"column":7}},"26":{"start":{"line":72,"column":54},"end":{"line":75,"column":5}},"27":{"start":{"line":77,"column":27},"end":{"line":85,"column":18}},"28":{"start":{"line":84,"column":22},"end":{"line":84,"column":67}},"29":{"start":{"line":87,"column":4},"end":{"line":98,"column":7}},"30":{"start":{"line":100,"column":4},"end":{"line":100,"column":58}},"31":{"start":{"line":101,"column":4},"end":{"line":105,"column":7}}},"fnMap":{"0":{"name":"(anonymous_0)","decl":{"start":{"line":7,"column":26},"end":{"line":7,"column":27}},"loc":{"start":{"line":7,"column":46},"end":{"line":107,"column":1}},"line":7},"1":{"name":"(anonymous_1)","decl":{"start":{"line":19,"column":51},"end":{"line":19,"column":52}},"loc":{"start":{"line":19,"column":66},"end":{"line":19,"column":93}},"line":19},"2":{"name":"(anonymous_2)","decl":{"start":{"line":27,"column":50},"end":{"line":27,"column":51}},"loc":{"start":{"line":27,"column":69},"end":{"line":27,"column":111}},"line":27},"3":{"name":"(anonymous_3)","decl":{"start":{"line":30,"column":45},"end":{"line":30,"column":46}},"loc":{"start":{"line":30,"column":56},"end":{"line":33,"column":5}},"line":30},"4":{"name":"(anonymous_4)","decl":{"start":{"line":35,"column":44},"end":{"line":35,"column":45}},"loc":{"start":{"line":35,"column":58},"end":{"line":41,"column":5}},"line":35},"5":{"name":"(anonymous_5)","decl":{"start":{"line":50,"column":41},"end":{"line":50,"column":42}},"loc":{"start":{"line":50,"column":51},"end":{"line":53,"column":5}},"line":50},"6":{"name":"(anonymous_6)","decl":{"start":{"line":61,"column":57},"end":{"line":61,"column":58}},"loc":{"start":{"line":61,"column":71},"end":{"line":64,"column":5}},"line":61},"7":{"name":"(anonymous_7)","decl":{"start":{"line":72,"column":43},"end":{"line":72,"column":44}},"loc":{"start":{"line":72,"column":54},"end":{"line":75,"column":5}},"line":72},"8":{"name":"(anonymous_8)","decl":{"start":{"line":84,"column":12},"end":{"line":84,"column":13}},"loc":{"start":{"line":84,"column":22},"end":{"line":84,"column":67}},"line":84}},"branchMap":{"0":{"loc":{"start":{"line":19,"column":73},"end":{"line":19,"column":92}},"type":"binary-expr","locations":[{"start":{"line":19,"column":73},"end":{"line":19,"column":87}},{"start":{"line":19,"column":91},"end":{"line":19,"column":92}}],"line":19},"1":{"loc":{"start":{"line":27,"column":76},"end":{"line":27,"column":110}},"type":"binary-expr","locations":[{"start":{"line":27,"column":76},"end":{"line":27,"column":105}},{"start":{"line":27,"column":109},"end":{"line":27,"column":110}}],"line":27},"2":{"loc":{"start":{"line":31,"column":116},"end":{"line":31,"column":146}},"type":"binary-expr","locations":[{"start":{"line":31,"column":116},"end":{"line":31,"column":140}},{"start":{"line":31,"column":144},"end":{"line":31,"column":146}}],"line":31},"3":{"loc":{"start":{"line":31,"column":150},"end":{"line":31,"column":179}},"type":"binary-expr","locations":[{"start":{"line":31,"column":150},"end":{"line":31,"column":173}},{"start":{"line":31,"column":177},"end":{"line":31,"column":179}}],"line":31},"4":{"loc":{"start":{"line":31,"column":184},"end":{"line":31,"column":226}},"type":"binary-expr","locations":[{"start":{"line":31,"column":184},"end":{"line":31,"column":213}},{"start":{"line":31,"column":217},"end":{"line":31,"column":226}}],"line":31},"5":{"loc":{"start":{"line":38,"column":115},"end":{"line":38,"column":149}},"type":"binary-expr","locations":[{"start":{"line":38,"column":115},"end":{"line":38,"column":143}},{"start":{"line":38,"column":147},"end":{"line":38,"column":149}}],"line":38},"6":{"loc":{"start":{"line":38,"column":153},"end":{"line":38,"column":186}},"type":"binary-expr","locations":[{"start":{"line":38,"column":153},"end":{"line":38,"column":180}},{"start":{"line":38,"column":184},"end":{"line":38,"column":186}}],"line":38},"7":{"loc":{"start":{"line":51,"column":106},"end":{"line":51,"column":134}},"type":"binary-expr","locations":[{"start":{"line":51,"column":106},"end":{"line":51,"column":128}},{"start":{"line":51,"column":132},"end":{"line":51,"column":134}}],"line":51},"8":{"loc":{"start":{"line":51,"column":138},"end":{"line":51,"column":165}},"type":"binary-expr","locations":[{"start":{"line":51,"column":138},"end":{"line":51,"column":159}},{"start":{"line":51,"column":163},"end":{"line":51,"column":165}}],"line":51},"9":{"loc":{"start":{"line":51,"column":172},"end":{"line":51,"column":211}},"type":"binary-expr","locations":[{"start":{"line":51,"column":172},"end":{"line":51,"column":198}},{"start":{"line":51,"column":202},"end":{"line":51,"column":211}}],"line":51},"10":{"loc":{"start":{"line":62,"column":69},"end":{"line":62,"column":102}},"type":"binary-expr","locations":[{"start":{"line":62,"column":69},"end":{"line":62,"column":96}},{"start":{"line":62,"column":100},"end":{"line":62,"column":102}}],"line":62},"11":{"loc":{"start":{"line":62,"column":106},"end":{"line":62,"column":138}},"type":"binary-expr","locations":[{"start":{"line":62,"column":106},"end":{"line":62,"column":132}},{"start":{"line":62,"column":136},"end":{"line":62,"column":138}}],"line":62}},"s":{"0":1,"1":2,"2":2,"3":1,"4":1,"5":1,"6":1,"7":1,"8":1,"9":1,"10":1,"11":1,"12":1,"13":1,"14":1,"15":1,"16":1,"17":1,"18":1,"19":1,"20":0,"21":1,"22":1,"23":0,"24":1,"25":1,"26":0,"27":1,"28":1,"29":1,"30":1,"31":1},"f":{"0":2,"1":1,"2":1,"3":1,"4":1,"5":0,"6":0,"7":0,"8":1},"b":{"0":[1,0],"1":[1,0],"2":[1,1],"3":[1,1],"4":[1,1],"5":[1,1],"6":[1,1],"7":[0,0],"8":[0,0],"9":[0,0],"10":[0,0],"11":[0,0]},"_coverageSchema":"1a1c01bbd47fc00a2c39e90264f33305004495a9","hash":"136024feb32c247a599e765dd5de4842683f7462"}
,"C:\\Users\\kisha\\kishanportfolio\\DriveBidRent2\\React_DriveBidRent_2\\Backend\\controllers\\buyer\\auctions.controller.js": {"path":"C:\\Users\\kisha\\kishanportfolio\\DriveBidRent2\\React_DriveBidRent_2\\Backend\\controllers\\buyer\\auctions.controller.js","statementMap":{"0":{"start":{"line":10,"column":27},"end":{"line":96,"column":1}},"1":{"start":{"line":11,"column":2},"end":{"line":95,"column":3}},"2":{"start":{"line":12,"column":78},"end":{"line":12,"column":87}},"3":{"start":{"line":15,"column":21},"end":{"line":15,"column":60}},"4":{"start":{"line":16,"column":4},"end":{"line":25,"column":5}},"5":{"start":{"line":17,"column":25},"end":{"line":17,"column":56}},"6":{"start":{"line":18,"column":6},"end":{"line":24,"column":7}},"7":{"start":{"line":19,"column":8},"end":{"line":23,"column":11}},"8":{"start":{"line":27,"column":18},"end":{"line":31,"column":5}},"9":{"start":{"line":34,"column":4},"end":{"line":36,"column":5}},"10":{"start":{"line":35,"column":6},"end":{"line":35,"column":40}},"11":{"start":{"line":37,"column":4},"end":{"line":37,"column":47}},"12":{"start":{"line":37,"column":19},"end":{"line":37,"column":47}},"13":{"start":{"line":38,"column":4},"end":{"line":38,"column":44}},"14":{"start":{"line":38,"column":18},"end":{"line":38,"column":44}},"15":{"start":{"line":39,"column":4},"end":{"line":39,"column":56}},"16":{"start":{"line":39,"column":22},"end":{"line":39,"column":56}},"17":{"start":{"line":40,"column":4},"end":{"line":44,"column":5}},"18":{"start":{"line":41,"column":6},"end":{"line":41,"column":29}},"19":{"start":{"line":42,"column":6},"end":{"line":42,"column":66}},"20":{"start":{"line":42,"column":20},"end":{"line":42,"column":66}},"21":{"start":{"line":43,"column":6},"end":{"line":43,"column":66}},"22":{"start":{"line":43,"column":20},"end":{"line":43,"column":66}},"23":{"start":{"line":46,"column":21},"end":{"line":49,"column":13}},"24":{"start":{"line":51,"column":23},"end":{"line":51,"column":61}},"25":{"start":{"line":51,"column":49},"end":{"line":51,"column":60}},"26":{"start":{"line":52,"column":27},"end":{"line":52,"column":35}},"27":{"start":{"line":54,"column":4},"end":{"line":71,"column":5}},"28":{"start":{"line":55,"column":26},"end":{"line":60,"column":15}},"29":{"start":{"line":62,"column":28},"end":{"line":65,"column":12}},"30":{"start":{"line":63,"column":8},"end":{"line":63,"column":54}},"31":{"start":{"line":64,"column":8},"end":{"line":64,"column":19}},"32":{"start":{"line":67,"column":6},"end":{"line":70,"column":10}},"33":{"start":{"line":67,"column":52},"end":{"line":70,"column":7}},"34":{"start":{"line":73,"column":25},"end":{"line":76,"column":5}},"35":{"start":{"line":79,"column":4},"end":{"line":81,"column":5}},"36":{"start":{"line":80,"column":6},"end":{"line":80,"column":74}},"37":{"start":{"line":83,"column":4},"end":{"line":87,"column":7}},"38":{"start":{"line":89,"column":4},"end":{"line":89,"column":51}},"39":{"start":{"line":90,"column":4},"end":{"line":94,"column":7}},"40":{"start":{"line":99,"column":32},"end":{"line":154,"column":1}},"41":{"start":{"line":100,"column":2},"end":{"line":153,"column":3}},"42":{"start":{"line":102,"column":22},"end":{"line":102,"column":35}},"43":{"start":{"line":104,"column":4},"end":{"line":110,"column":5}},"44":{"start":{"line":105,"column":6},"end":{"line":109,"column":9}},"45":{"start":{"line":112,"column":20},"end":{"line":118,"column":13}},"46":{"start":{"line":120,"column":4},"end":{"line":126,"column":5}},"47":{"start":{"line":121,"column":6},"end":{"line":125,"column":9}},"48":{"start":{"line":128,"column":23},"end":{"line":130,"column":13}},"49":{"start":{"line":132,"column":28},"end":{"line":132,"column":99}},"50":{"start":{"line":134,"column":4},"end":{"line":145,"column":7}},"51":{"start":{"line":147,"column":4},"end":{"line":147,"column":52}},"52":{"start":{"line":148,"column":4},"end":{"line":152,"column":7}},"53":{"start":{"line":157,"column":24},"end":{"line":238,"column":1}},"54":{"start":{"line":158,"column":2},"end":{"line":237,"column":3}},"55":{"start":{"line":159,"column":37},"end":{"line":159,"column":45}},"56":{"start":{"line":160,"column":20},"end":{"line":160,"column":32}},"57":{"start":{"line":162,"column":4},"end":{"line":164,"column":5}},"58":{"start":{"line":163,"column":6},"end":{"line":163,"column":105}},"59":{"start":{"line":166,"column":21},"end":{"line":166,"column":42}},"60":{"start":{"line":167,"column":4},"end":{"line":169,"column":5}},"61":{"start":{"line":168,"column":6},"end":{"line":168,"column":85}},"62":{"start":{"line":171,"column":20},"end":{"line":171,"column":60}},"63":{"start":{"line":172,"column":4},"end":{"line":174,"column":5}},"64":{"start":{"line":173,"column":6},"end":{"line":173,"column":84}},"65":{"start":{"line":176,"column":4},"end":{"line":178,"column":5}},"66":{"start":{"line":177,"column":6},"end":{"line":177,"column":108}},"67":{"start":{"line":180,"column":23},"end":{"line":182,"column":13}},"68":{"start":{"line":184,"column":4},"end":{"line":186,"column":5}},"69":{"start":{"line":185,"column":6},"end":{"line":185,"column":99}},"70":{"start":{"line":188,"column":19},"end":{"line":188,"column":81}},"71":{"start":{"line":189,"column":4},"end":{"line":194,"column":5}},"72":{"start":{"line":190,"column":6},"end":{"line":193,"column":9}},"73":{"start":{"line":196,"column":19},"end":{"line":202,"column":6}},"74":{"start":{"line":204,"column":4},"end":{"line":204,"column":24}},"75":{"start":{"line":207,"column":15},"end":{"line":207,"column":32}},"76":{"start":{"line":208,"column":4},"end":{"line":227,"column":5}},"77":{"start":{"line":209,"column":6},"end":{"line":226,"column":7}},"78":{"start":{"line":210,"column":21},"end":{"line":210,"column":67}},"79":{"start":{"line":211,"column":23},"end":{"line":211,"column":92}},"80":{"start":{"line":212,"column":24},"end":{"line":217,"column":9}},"81":{"start":{"line":220,"column":8},"end":{"line":220,"column":61}},"82":{"start":{"line":223,"column":8},"end":{"line":223,"column":43}},"83":{"start":{"line":225,"column":8},"end":{"line":225,"column":64}},"84":{"start":{"line":229,"column":4},"end":{"line":233,"column":7}},"85":{"start":{"line":235,"column":4},"end":{"line":235,"column":47}},"86":{"start":{"line":236,"column":4},"end":{"line":236,"column":69}},"87":{"start":{"line":241,"column":38},"end":{"line":272,"column":1}},"88":{"start":{"line":242,"column":2},"end":{"line":271,"column":3}},"89":{"start":{"line":243,"column":20},"end":{"line":243,"column":64}},"90":{"start":{"line":244,"column":4},"end":{"line":246,"column":5}},"91":{"start":{"line":245,"column":6},"end":{"line":245,"column":84}},"92":{"start":{"line":248,"column":4},"end":{"line":250,"column":5}},"93":{"start":{"line":249,"column":6},"end":{"line":249,"column":68}},"94":{"start":{"line":252,"column":21},"end":{"line":252,"column":96}},"95":{"start":{"line":253,"column":4},"end":{"line":255,"column":5}},"96":{"start":{"line":254,"column":6},"end":{"line":254,"column":68}},"97":{"start":{"line":257,"column":21},"end":{"line":257,"column":94}},"98":{"start":{"line":259,"column":4},"end":{"line":267,"column":7}},"99":{"start":{"line":269,"column":4},"end":{"line":269,"co
[...]
,"C:\\Users\\kisha\\kishanportfolio\\DriveBidRent2\\React_DriveBidRent_2\\Backend\\middlewares\\seller.middleware.js": {"path":"C:\\Users\\kisha\\kishanportfolio\\DriveBidRent2\\React_DriveBidRent_2\\Backend\\middlewares\\seller.middleware.js","statementMap":{"0":{"start":{"line":5,"column":25},"end":{"line":48,"column":1}},"1":{"start":{"line":6,"column":14},"end":{"line":6,"column":160}},"2":{"start":{"line":7,"column":2},"end":{"line":47,"column":3}},"3":{"start":{"line":8,"column":4},"end":{"line":40,"column":5}},"4":{"start":{"line":9,"column":22},"end":{"line":9,"column":92}},"5":{"start":{"line":10,"column":6},"end":{"line":10,"column":69}},"6":{"start":{"line":12,"column":6},"end":{"line":21,"column":7}},"7":{"start":{"line":16,"column":8},"end":{"line":20,"column":11}},"8":{"start":{"line":24,"column":6},"end":{"line":30,"column":7}},"9":{"start":{"line":25,"column":8},"end":{"line":29,"column":11}},"10":{"start":{"line":32,"column":6},"end":{"line":32,"column":13}},"11":{"start":{"line":34,"column":6},"end":{"line":34,"column":58}},"12":{"start":{"line":35,"column":6},"end":{"line":39,"column":9}},"13":{"start":{"line":42,"column":4},"end":{"line":46,"column":7}}},"fnMap":{"0":{"name":"(anonymous_0)","decl":{"start":{"line":5,"column":25},"end":{"line":5,"column":26}},"loc":{"start":{"line":5,"column":51},"end":{"line":48,"column":1}},"line":5}},"branchMap":{"0":{"loc":{"start":{"line":6,"column":14},"end":{"line":6,"column":160}},"type":"binary-expr","locations":[{"start":{"line":6,"column":14},"end":{"line":6,"column":29}},{"start":{"line":6,"column":34},"end":{"line":6,"column":159}}],"line":6},"1":{"loc":{"start":{"line":6,"column":34},"end":{"line":6,"column":159}},"type":"cond-expr","locations":[{"start":{"line":6,"column":113},"end":{"line":6,"column":152}},{"start":{"line":6,"column":155},"end":{"line":6,"column":159}}],"line":6},"2":{"loc":{"start":{"line":6,"column":34},"end":{"line":6,"column":110}},"type":"binary-expr","locations":[{"start":{"line":6,"column":34},"end":{"line":6,"column":59}},{"start":{"line":6,"column":63},"end":{"line":6,"column":110}}],"line":6},"3":{"loc":{"start":{"line":7,"column":2},"end":{"line":47,"column":3}},"type":"if","locations":[{"start":{"line":7,"column":2},"end":{"line":47,"column":3}},{"start":{"line":41,"column":9},"end":{"line":47,"column":3}}],"line":7},"4":{"loc":{"start":{"line":9,"column":40},"end":{"line":9,"column":91}},"type":"binary-expr","locations":[{"start":{"line":9,"column":40},"end":{"line":9,"column":62}},{"start":{"line":9,"column":66},"end":{"line":9,"column":91}}],"line":9},"5":{"loc":{"start":{"line":12,"column":6},"end":{"line":21,"column":7}},"type":"if","locations":[{"start":{"line":12,"column":6},"end":{"line":21,"column":7}},{"start":{},"end":{}}],"line":12},"6":{"loc":{"start":{"line":12,"column":10},"end":{"line":15,"column":42}},"type":"binary-expr","locations":[{"start":{"line":12,"column":10},"end":{"line":12,"column":19}},{"start":{"line":13,"column":10},"end":{"line":13,"column":40}},{"start":{"line":14,"column":10},"end":{"line":14,"column":39}},{"start":{"line":15,"column":10},"end":{"line":15,"column":42}}],"line":12},"7":{"loc":{"start":{"line":24,"column":6},"end":{"line":30,"column":7}},"type":"if","locations":[{"start":{"line":24,"column":6},"end":{"line":30,"column":7}},{"start":{},"end":{}}],"line":24}},"s":{"0":1,"1":8,"2":8,"3":7,"4":7,"5":6,"6":6,"7":3,"8":3,"9":1,"10":2,"11":1,"12":1,"13":1},"f":{"0":8},"b":{"0":[8,2],"1":[1,1],"2":[2,1],"3":[7,1],"4":[7,7],"5":[3,3],"6":[6,5,5,4],"7":[1,2]},"_coverageSchema":"1a1c01bbd47fc00a2c39e90264f33305004495a9","hash":"57490fa7a9a498753214448b50f71f311eddee03"}
,"C:\\Users\\kisha\\kishanportfolio\\DriveBidRent2\\React_DriveBidRent_2\\Backend\\middlewares\\superAdmin.middleware.js": {"path":"C:\\Users\\kisha\\kishanportfolio\\DriveBidRent2\\React_DriveBidRent_2\\Backend\\middlewares\\superAdmin.middleware.js","statementMap":{"0":{"start":{"line":5,"column":29},"end":{"line":48,"column":1}},"1":{"start":{"line":6,"column":14},"end":{"line":6,"column":160}},"2":{"start":{"line":7,"column":2},"end":{"line":47,"column":3}},"3":{"start":{"line":8,"column":4},"end":{"line":40,"column":5}},"4":{"start":{"line":9,"column":22},"end":{"line":9,"column":92}},"5":{"start":{"line":10,"column":6},"end":{"line":10,"column":69}},"6":{"start":{"line":12,"column":6},"end":{"line":21,"column":7}},"7":{"start":{"line":16,"column":8},"end":{"line":20,"column":11}},"8":{"start":{"line":24,"column":6},"end":{"line":30,"column":7}},"9":{"start":{"line":25,"column":8},"end":{"line":29,"column":11}},"10":{"start":{"line":32,"column":6},"end":{"line":32,"column":13}},"11":{"start":{"line":34,"column":6},"end":{"line":34,"column":62}},"12":{"start":{"line":35,"column":6},"end":{"line":39,"column":9}},"13":{"start":{"line":42,"column":4},"end":{"line":46,"column":7}}},"fnMap":{"0":{"name":"(anonymous_0)","decl":{"start":{"line":5,"column":29},"end":{"line":5,"column":30}},"loc":{"start":{"line":5,"column":55},"end":{"line":48,"column":1}},"line":5}},"branchMap":{"0":{"loc":{"start":{"line":6,"column":14},"end":{"line":6,"column":160}},"type":"binary-expr","locations":[{"start":{"line":6,"column":14},"end":{"line":6,"column":29}},{"start":{"line":6,"column":34},"end":{"line":6,"column":159}}],"line":6},"1":{"loc":{"start":{"line":6,"column":34},"end":{"line":6,"column":159}},"type":"cond-expr","locations":[{"start":{"line":6,"column":113},"end":{"line":6,"column":152}},{"start":{"line":6,"column":155},"end":{"line":6,"column":159}}],"line":6},"2":{"loc":{"start":{"line":6,"column":34},"end":{"line":6,"column":110}},"type":"binary-expr","locations":[{"start":{"line":6,"column":34},"end":{"line":6,"column":59}},{"start":{"line":6,"column":63},"end":{"line":6,"column":110}}],"line":6},"3":{"loc":{"start":{"line":7,"column":2},"end":{"line":47,"column":3}},"type":"if","locations":[{"start":{"line":7,"column":2},"end":{"line":47,"column":3}},{"start":{"line":41,"column":9},"end":{"line":47,"column":3}}],"line":7},"4":{"loc":{"start":{"line":9,"column":40},"end":{"line":9,"column":91}},"type":"binary-expr","locations":[{"start":{"line":9,"column":40},"end":{"line":9,"column":62}},{"start":{"line":9,"column":66},"end":{"line":9,"column":91}}],"line":9},"5":{"loc":{"start":{"line":12,"column":6},"end":{"line":21,"column":7}},"type":"if","locations":[{"start":{"line":12,"column":6},"end":{"line":21,"column":7}},{"start":{},"end":{}}],"line":12},"6":{"loc":{"start":{"line":12,"column":10},"end":{"line":15,"column":42}},"type":"binary-expr","locations":[{"start":{"line":12,"column":10},"end":{"line":12,"column":19}},{"start":{"line":13,"column":10},"end":{"line":13,"column":44}},{"start":{"line":14,"column":10},"end":{"line":14,"column":43}},{"start":{"line":15,"column":10},"end":{"line":15,"column":42}}],"line":12},"7":{"loc":{"start":{"line":24,"column":6},"end":{"line":30,"column":7}},"type":"if","locations":[{"start":{"line":24,"column":6},"end":{"line":30,"column":7}},{"start":{},"end":{}}],"line":24}},"s":{"0":1,"1":8,"2":8,"3":7,"4":7,"5":6,"6":6,"7":3,"8":3,"9":1,"10":2,"11":1,"12":1,"13":1},"f":{"0":8},"b":{"0":[8,2],"1":[1,1],"2":[2,1],"3":[7,1],"4":[7,7],"5":[3,3],"6":[6,5,5,4],"7":[1,2]},"_coverageSchema":"1a1c01bbd47fc00a2c39e90264f33305004495a9","hash":"4d5dba3d242b041aae849970428904b43b30d463"}
,"C:\\Users\\kisha\\kishanportfolio\\DriveBidRent2\\React_DriveBidRent_2\\Backend\\models\\OTP.js": {"path":"C:\\Users\\kisha\\kishanportfolio\\DriveBidRent2\\React_DriveBidRent_2\\Backend\\models\\OTP.js","statementMap":{"0":{"start":{"line":3,"column":18},"end":{"line":21,"column":2}}},"fnMap":{},"branchMap":{},"s":{"0":1},"f":{},"b":{},"_coverageSchema":"1a1c01bbd47fc00a2c39e90264f33305004495a9","hash":"c2aecdff6f2b2b3e190f7ae5a8a83c1b0abe3edb"}
,"C:\\Users\\kisha\\kishanportfolio\\DriveBidRent2\\React_DriveBidRent_2\\Backend\\models\\User.js": {"path":"C:\\Users\\kisha\\kishanportfolio\\DriveBidRent2\\React_DriveBidRent_2\\Backend\\models\\User.js","statementMap":{"0":{"start":{"line":5,"column":19},"end":{"line":106,"column":2}},"1":{"start":{"line":12,"column":6},"end":{"line":12,"column":40}},"2":{"start":{"line":30,"column":6},"end":{"line":30,"column":82}},"3":{"start":{"line":30,"column":46},"end":{"line":30,"column":70}},"4":{"start":{"line":36,"column":6},"end":{"line":36,"column":82}},"5":{"start":{"line":36,"column":46},"end":{"line":36,"column":70}},"6":{"start":{"line":42,"column":6},"end":{"line":42,"column":82}},"7":{"start":{"line":42,"column":46},"end":{"line":42,"column":70}},"8":{"start":{"line":48,"column":6},"end":{"line":48,"column":82}},"9":{"start":{"line":48,"column":46},"end":{"line":48,"column":70}},"10":{"start":{"line":54,"column":6},"end":{"line":54,"column":42}},"11":{"start":{"line":67,"column":6},"end":{"line":67,"column":42}},"12":{"start":{"line":73,"column":6},"end":{"line":73,"column":40}},"13":{"start":{"line":109,"column":0},"end":{"line":119,"column":3}},"14":{"start":{"line":110,"column":2},"end":{"line":110,"column":68}},"15":{"start":{"line":110,"column":54},"end":{"line":110,"column":68}},"16":{"start":{"line":112,"column":2},"end":{"line":118,"column":3}},"17":{"start":{"line":113,"column":17},"end":{"line":113,"column":41}},"18":{"start":{"line":114,"column":4},"end":{"line":114,"column":59}},"19":{"start":{"line":115,"column":4},"end":{"line":115,"column":11}},"20":{"start":{"line":117,"column":4},"end":{"line":117,"column":14}},"21":{"start":{"line":122,"column":0},"end":{"line":124,"column":2}},"22":{"start":{"line":123,"column":2},"end":{"line":123,"column":64}}},"fnMap":{"0":{"name":"(anonymous_0)","decl":{"start":{"line":11,"column":14},"end":{"line":11,"column":15}},"loc":{"start":{"line":11,"column":25},"end":{"line":13,"column":5}},"line":11},"1":{"name":"(anonymous_1)","decl":{"start":{"line":29,"column":9},"end":{"line":29,"column":10}},"loc":{"start":{"line":29,"column":21},"end":{"line":31,"column":5}},"line":29},"2":{"name":"(anonymous_2)","decl":{"start":{"line":30,"column":39},"end":{"line":30,"column":40}},"loc":{"start":{"line":30,"column":46},"end":{"line":30,"column":70}},"line":30},"3":{"name":"(anonymous_3)","decl":{"start":{"line":35,"column":9},"end":{"line":35,"column":10}},"loc":{"start":{"line":35,"column":21},"end":{"line":37,"column":5}},"line":35},"4":{"name":"(anonymous_4)","decl":{"start":{"line":36,"column":39},"end":{"line":36,"column":40}},"loc":{"start":{"line":36,"column":46},"end":{"line":36,"column":70}},"line":36},"5":{"name":"(anonymous_5)","decl":{"start":{"line":41,"column":9},"end":{"line":41,"column":10}},"loc":{"start":{"line":41,"column":21},"end":{"line":43,"column":5}},"line":41},"6":{"name":"(anonymous_6)","decl":{"start":{"line":42,"column":39},"end":{"line":42,"column":40}},"loc":{"start":{"line":42,"column":46},"end":{"line":42,"column":70}},"line":42},"7":{"name":"(anonymous_7)","decl":{"start":{"line":47,"column":9},"end":{"line":47,"column":10}},"loc":{"start":{"line":47,"column":21},"end":{"line":49,"column":5}},"line":47},"8":{"name":"(anonymous_8)","decl":{"start":{"line":48,"column":39},"end":{"line":48,"column":40}},"loc":{"start":{"line":48,"column":46},"end":{"line":48,"column":70}},"line":48},"9":{"name":"(anonymous_9)","decl":{"start":{"line":53,"column":14},"end":{"line":53,"column":15}},"loc":{"start":{"line":53,"column":25},"end":{"line":55,"column":5}},"line":53},"10":{"name":"(anonymous_10)","decl":{"start":{"line":66,"column":14},"end":{"line":66,"column":15}},"loc":{"start":{"line":66,"column":25},"end":{"line":68,"column":5}},"line":66},"11":{"name":"(anonymous_11)","decl":{"start":{"line":72,"column":14},"end":{"line":72,"column":15}},"loc":{"start":{"line":72,"column":25},"end":{"line":74,"column":5}},"line":72},"12":{"name":"(anonymous_12)","decl":{"start":{"line":109,"column":23},"end":{"line":109,"column":24}},"loc":{"start":{"line":109,"column":44},"end":{"line":119,"column":1}},"line":109},"13":{"name":"(anonymous_13)","decl":{"start":{"line":122,"column":37},"end":{"line":122,"column":38}},"loc":{"start":{"line":122,"column":71},"end":{"line":124,"column":1}},"line":122}},"branchMap":{"0":{"loc":{"start":{"line":30,"column":13},"end":{"line":30,"column":81}},"type":"cond-expr","locations":[{"start":{"line":30,"column":32},"end":{"line":30,"column":77}},{"start":{"line":30,"column":80},"end":{"line":30,"column":81}}],"line":30},"1":{"loc":{"start":{"line":30,"column":32},"end":{"line":30,"column":77}},"type":"binary-expr","locations":[{"start":{"line":30,"column":32},"end":{"line":30,"column":71}},{"start":{"line":30,"column":75},"end":{"line":30,"column":77}}],"line":30},"2":{"loc":{"start":{"line":30,"column":46},"end":{"line":30,"column":70}},"type":"binary-expr","locations":[{"start":{"line":30,"column":46},"end":{"line":30,"column":49}},{"start":{"line":30,"column":53},"end":{"line":30,"column":70}}],"line":30},"3":{"loc":{"start":{"line":36,"column":13},"end":{"line":36,"column":81}},"type":"cond-expr","locations":[{"start":{"line":36,"column":32},"end":{"line":36,"column":77}},{"start":{"line":36,"column":80},"end":{"line":36,"column":81}}],"line":36},"4":{"loc":{"start":{"line":36,"column":32},"end":{"line":36,"column":77}},"type":"binary-expr","locations":[{"start":{"line":36,"column":32},"end":{"line":36,"column":71}},{"start":{"line":36,"column":75},"end":{"line":36,"column":77}}],"line":36},"5":{"loc":{"start":{"line":36,"column":46},"end":{"line":36,"column":70}},"type":"binary-expr","locations":[{"start":{"line":36,"column":46},"end":{"line":36,"column":49}},{"start":{"line":36,"column":53},"end":{"line":36,"column":70}}],"line":36},"6":{"loc":{"start":{"line":42,"column":13},"end":{"line":42,"column":81}},"type":"cond-expr","locations":[{"start":{"line":42,"column":32},"end":{"line":42,"column":77}},{"start":{"line":42,"column":80},"end":{"line":42,"column":81}}],"line":42},"7":{"loc":{"start":{"line":42,"column":32},"end":{"line":42,"column":77}},"type":"binary-expr","locations":[{"start":{"line":42,"column":32},"end":{"line":42,"column":71}},{"start":{"line":42,"column":75},"end":{"line":42,"column":77}}],"line":42},"8":{"loc":{"start":{"line":42,"column":46},"end":{"line":42,"column":70}},"type":"binary-expr","locations":[{"start":{"line":42,"column":46},"end":{"line":42,"column":49}},{"start":{"line":42,"column":53},"end":{"line":42,"column":70}}],"line":42},"9":{"loc":{"start":{"line":48,"column":13},"end":{"line":48,"column":81}},"type":"cond-expr","locations":[{"start":{"line":48,"column":32},"end":{"line":48,"column":77}},{"start":{"line":48,"column":80},"end":{"line":48,"column":81}}],"line":48},"10":{"loc":{"start":{"line":48,"column":32},"end":{"line":48,"column":77}},"type":"binary-expr","locations":[{"start":{"line":48,"column":32},"end":{"line":48,"column":71}},{"start":{"line":48,"column":75},"end":{"line":48,"column":77}}],"line":48},"11":{"loc":{"start":{"line":48,"column":46},"end":{"line":48,"column":70}},"type":"binary-expr","locations":[{"start":{"line":48,"column":46},"end":{"line":48,"column":49}},{"start":{"line":48,"column":53},"end":{"line":48,"column":70}}],"line":48},"12":{"loc":{"start":{"line":110,"column":2},"end":{"line":110,"column":68}},"type":"if","locations":[{"start":{"line":110,"column":2},"end":{"line":110,"column":68}},{"start":{},"end":{}}],"line":110},"13":{"loc":{"start":{"line":110,"column":6},"end":{"line":110,"column":52}},"type":"binary-expr","locations":[{"start":{"line":110,"column":6},"end":{"line":110,"column":20}},{"start":{"line":110,"column":24},"end":{"line":110,"column":52}}],"line":110}},"s":{"0":1,"1":0,"2":0,"3":0,"4":0,"5":0,"6":0,"7":0,"8":0,"9":0,"10":0,"11":0,"12":0,"13":1,"14":0,"15":0,"16":0,"17":0,"18":0,"19":0,"20":0,"21":1,"22":0},"f":{"0":0,"1":0,"2":0,"3":0,"4":0,"5":0,"6":0,"7":0,"8":0,"9":0,"10":0,"11":0,"12":0,"13":0},"b":{"0":[0,0],"1":[0,0],"2":[0,0],"3":[0,0],"4":[0,0],"5":[0,0],"6":[0,0],"7":[0,0],"8":[0,0],"9":[0,0],"10":[0,0],"11":[0,0],"12":[0,0],"13":[0,0]},"_coverageSchema":"1a1c01bbd47fc00a2c39e90264f33305004495a9","hash":"1bec8690a5745c9e5673c247440751b1abad621e"}
,"C:\\Users\\kisha\\kishanportfolio\\DriveBidRent2\\React_DriveBidRent_2\\Backend\\utils\\email.service.js": {"path":"C:\\Users\\kisha\\kishanportfolio\\DriveBidRent2\\React_DriveBidRent_2\\Backend\\utils\\email.service.js","statementMap":{"0":{"start":{"line":3,"column":28},"end":{"line":42,"column":1}},"1":{"start":{"line":4,"column":2},"end":{"line":41,"column":3}},"2":{"start":{"line":5,"column":24},"end":{"line":13,"column":6}},"3":{"start":{"line":15,"column":24},"end":{"line":29,"column":5}},"4":{"start":{"line":31,"column":17},"end":{"line":31,"column":56}},"5":{"start":{"line":32,"column":4},"end":{"line":32,"column":64}},"6":{"start":{"line":33,"column":20},"end":{"line":33,"column":54}},"7":{"start":{"line":34,"column":4},"end":{"line":36,"column":5}},"8":{"start":{"line":35,"column":6},"end":{"line":35,"column":46}},"9":{"start":{"line":37,"column":4},"end":{"line":37,"column":16}},"10":{"start":{"line":39,"column":4},"end":{"line":39,"column":53}},"11":{"start":{"line":40,"column":4},"end":{"line":40,"column":17}}},"fnMap":{"0":{"name":"(anonymous_0)","decl":{"start":{"line":3,"column":28},"end":{"line":3,"column":29}},"loc":{"start":{"line":3,"column":56},"end":{"line":42,"column":1}},"line":3}},"branchMap":{"0":{"loc":{"start":{"line":6,"column":12},"end":{"line":6,"column":53}},"type":"binary-expr","locations":[{"start":{"line":6,"column":12},"end":{"line":6,"column":33}},{"start":{"line":6,"column":37},"end":{"line":6,"column":53}}],"line":6},"1":{"loc":{"start":{"line":7,"column":12},"end":{"line":7,"column":40}},"type":"binary-expr","locations":[{"start":{"line":7,"column":12},"end":{"line":7,"column":33}},{"start":{"line":7,"column":37},"end":{"line":7,"column":40}}],"line":7},"2":{"loc":{"start":{"line":16,"column":12},"end":{"line":16,"column":82}},"type":"binary-expr","locations":[{"start":{"line":16,"column":12},"end":{"line":16,"column":33}},{"start":{"line":16,"column":37},"end":{"line":16,"column":82}}],"line":16},"3":{"loc":{"start":{"line":34,"column":4},"end":{"line":36,"column":5}},"type":"if","locations":[{"start":{"line":34,"column":4},"end":{"line":36,"column":5}},{"start":{},"end":{}}],"line":34}},"s":{"0":1,"1":0,"2":0,"3":0,"4":0,"5":0,"6":0,"7":0,"8":0,"9":0,"10":0,"11":0},"f":{"0":0},"b":{"0":[0,0],"1":[0,0],"2":[0,0],"3":[0,0]},"_coverageSchema":"1a1c01bbd47fc00a2c39e90264f33305004495a9","hash":"fdc2c2dace6eebea8757f43cf051304f0cdd36d4"}
,"C:\\Users\\kisha\\kishanportfolio\\DriveBidRent2\\React_DriveBidRent_2\\Backend\\utils\\generateToken.js": {"path":"C:\\Users\\kisha\\kishanportfolio\\DriveBidRent2\\React_DriveBidRent_2\\Backend\\utils\\generateToken.js","statementMap":{"0":{"start":{"line":4,"column":22},"end":{"line":16,"column":1}},"1":{"start":{"line":5,"column":2},"end":{"line":15,"column":4}}},"fnMap":{"0":{"name":"(anonymous_0)","decl":{"start":{"line":4,"column":22},"end":{"line":4,"column":23}},"loc":{"start":{"line":4,"column":32},"end":{"line":16,"column":1}},"line":4}},"branchMap":{"0":{"loc":{"start":{"line":11,"column":4},"end":{"line":11,"column":55}},"type":"binary-expr","locations":[{"start":{"line":11,"column":4},"end":{"line":11,"column":26}},{"start":{"line":11,"column":30},"end":{"line":11,"column":55}}],"line":11}},"s":{"0":2,"1":2},"f":{"0":2},"b":{"0":[2,1]},"_coverageSchema":"1a1c01bbd47fc00a2c39e90264f33305004495a9","hash":"30a791a9ed046f9b2ef36ae80af4766e896b6f91"}
}
