TN:
SF:controllers\auth.controller.js
FN:12,(anonymous_0)
FN:36,(anonymous_1)
FN:38,(anonymous_2)
FN:158,(anonymous_3)
FN:168,(anonymous_4)
FN:246,(anonymous_5)
FN:257,(anonymous_6)
FN:355,(anonymous_7)
FNF:8
FNH:7
FNDA:16,(anonymous_0)
FNDA:64,(anonymous_1)
FNDA:0,(anonymous_2)
FNDA:2,(anonymous_3)
FNDA:7,(anonymous_4)
FNDA:2,(anonymous_5)
FNDA:7,(anonymous_6)
FNDA:6,(anonymous_7)
DA:8,2
DA:10,2
DA:13,16
DA:29,16
DA:32,16
DA:35,16
DA:36,16
DA:37,64
DA:38,64
DA:39,64
DA:40,64
DA:41,64
DA:42,64
DA:46,16
DA:47,16
DA:50,16
DA:51,2
DA:54,14
DA:55,14
DA:56,1
DA:59,13
DA:60,1
DA:63,12
DA:64,1
DA:67,11
DA:68,11
DA:69,11
DA:70,1
DA:73,10
DA:74,1
DA:77,9
DA:78,1
DA:82,8
DA:83,5
DA:84,1
DA:88,4
DA:91,4
DA:112,4
DA:114,2
DA:117,2
DA:120,2
DA:127,2
DA:128,2
DA:129,1
DA:132,1
DA:141,2
DA:142,2
DA:144,2
DA:148,2
DA:155,3
DA:157,3
DA:158,2
DA:159,1
DA:162,2
DA:163,2
DA:169,7
DA:170,7
DA:171,7
DA:173,7
DA:174,6
DA:175,6
DA:176,5
DA:185,6
DA:186,2
DA:189,4
DA:190,1
DA:193,3
DA:194,3
DA:195,3
DA:202,3
DA:212,3
DA:214,3
DA:230,3
DA:232,3
DA:241,1
DA:242,1
DA:247,2
DA:248,2
DA:253,2
DA:258,7
DA:259,7
DA:261,7
DA:262,1
DA:266,6
DA:271,4
DA:272,4
DA:274,4
DA:275,1
DA:279,3
DA:281,3
DA:283,2
DA:284,1
DA:285,1
DA:286,1
DA:290,1
DA:297,2
DA:298,2
DA:299,2
DA:306,2
DA:316,2
DA:318,2
DA:335,2
DA:344,2
DA:346,2
DA:347,1
DA:350,1
DA:356,6
DA:357,6
DA:359,6
DA:360,1
DA:364,5
DA:365,4
DA:366,1
DA:369,3
DA:370,1
DA:374,2
DA:375,2
DA:378,2
DA:380,2
DA:384,2
DA:390,1
DA:391,1
LF:122
LH:122
BRDA:32,0,0,1
BRDA:32,0,1,15
BRDA:38,1,0,0
BRDA:38,1,1,64
BRDA:38,2,0,0
BRDA:38,2,1,0
BRDA:38,3,0,64
BRDA:38,3,1,64
BRDA:39,4,0,16
BRDA:39,4,1,48
BRDA:40,5,0,16
BRDA:40,5,1,48
BRDA:41,6,0,16
BRDA:41,6,1,48
BRDA:42,7,0,16
BRDA:42,7,1,48
BRDA:46,8,0,16
BRDA:46,8,1,16
BRDA:47,9,0,16
BRDA:47,9,1,16
BRDA:50,10,0,2
BRDA:50,10,1,14
BRDA:50,11,0,16
BRDA:50,11,1,14
BRDA:50,11,2,14
BRDA:50,11,3,14
BRDA:55,12,0,1
BRDA:55,12,1,13
BRDA:55,13,0,14
BRDA:55,13,1,14
BRDA:59,14,0,1
BRDA:59,14,1,12
BRDA:59,15,0,13
BRDA:59,15,1,13
BRDA:63,16,0,1
BRDA:63,16,1,11
BRDA:69,17,0,1
BRDA:69,17,1,10
BRDA:73,18,0,1
BRDA:73,18,1,9
BRDA:77,19,0,1
BRDA:77,19,1,8
BRDA:83,20,0,1
BRDA:83,20,1,4
BRDA:103,21,0,1
BRDA:103,21,1,3
BRDA:104,22,0,0
BRDA:104,22,1,4
BRDA:105,23,0,4
BRDA:105,23,1,4
BRDA:112,24,0,2
BRDA:112,24,1,2
BRDA:128,25,0,1
BRDA:128,25,1,1
BRDA:144,26,0,1
BRDA:144,26,1,1
BRDA:157,27,0,1
BRDA:157,27,1,2
BRDA:162,28,0,1
BRDA:162,28,1,1
BRDA:163,29,0,1
BRDA:163,29,1,1
BRDA:174,30,0,5
BRDA:174,30,1,1
BRDA:175,31,0,5
BRDA:175,31,1,1
BRDA:185,32,0,2
BRDA:185,32,1,4
BRDA:185,33,0,6
BRDA:185,33,1,5
BRDA:189,34,0,1
BRDA:189,34,1,3
BRDA:197,35,0,1
BRDA:197,35,1,2
BRDA:212,36,0,3
BRDA:212,36,1,1
BRDA:224,37,0,3
BRDA:224,37,1,3
BRDA:225,38,0,3
BRDA:225,38,1,3
BRDA:226,39,0,3
BRDA:226,39,1,3
BRDA:227,40,0,3
BRDA:227,40,1,3
BRDA:250,41,0,1
BRDA:250,41,1,1
BRDA:261,42,0,1
BRDA:261,42,1,6
BRDA:274,43,0,1
BRDA:274,43,1,3
BRDA:281,44,0,2
BRDA:281,44,1,1
BRDA:283,45,0,1
BRDA:283,45,1,1
BRDA:285,46,0,1
BRDA:285,46,1,1
BRDA:301,47,0,0
BRDA:301,47,1,2
BRDA:316,48,0,2
BRDA:316,48,1,0
BRDA:325,49,0,2
BRDA:325,49,1,2
BRDA:329,50,0,2
BRDA:329,50,1,2
BRDA:330,51,0,2
BRDA:330,51,1,2
BRDA:331,52,0,2
BRDA:331,52,1,2
BRDA:332,53,0,2
BRDA:332,53,1,2
BRDA:346,54,0,1
BRDA:346,54,1,1
BRDA:346,55,0,2
BRDA:346,55,1,1
BRDA:359,56,0,1
BRDA:359,56,1,5
BRDA:359,57,0,6
BRDA:359,57,1,6
BRDA:365,58,0,1
BRDA:365,58,1,3
BRDA:369,59,0,1
BRDA:369,59,1,2
BRDA:380,60,0,1
BRDA:380,60,1,1
BRF:124
BRH:118
end_of_record
TN:
SF:controllers\chat.controller.js
FN:7,(anonymous_0)
FN:31,(anonymous_1)
FN:48,(anonymous_2)
FN:64,(anonymous_3)
FN:75,(anonymous_4)
FN:84,(anonymous_5)
FN:111,(anonymous_6)
FN:111,(anonymous_7)
FN:115,(anonymous_8)
FN:115,(anonymous_9)
FN:129,(anonymous_10)
FN:140,(anonymous_11)
FN:169,(anonymous_12)
FN:176,(anonymous_13)
FN:188,(anonymous_14)
FN:200,(anonymous_15)
FN:217,(anonymous_16)
FN:243,(anonymous_17)
FN:268,(anonymous_18)
FN:293,(anonymous_19)
FN:314,(anonymous_20)
FN:387,(anonymous_21)
FNF:22
FNH:11
FNDA:0,(anonymous_0)
FNDA:0,(anonymous_1)
FNDA:3,(anonymous_2)
FNDA:5,(anonymous_3)
FNDA:0,(anonymous_4)
FNDA:0,(anonymous_5)
FNDA:0,(anonymous_6)
FNDA:0,(anonymous_7)
FNDA:0,(anonymous_8)
FNDA:0,(anonymous_9)
FNDA:5,(anonymous_10)
FNDA:6,(anonymous_11)
FNDA:3,(anonymous_12)
FNDA:5,(anonymous_13)
FNDA:3,(anonymous_14)
FNDA:5,(anonymous_15)
FNDA:4,(anonymous_16)
FNDA:1,(anonymous_17)
FNDA:0,(anonymous_18)
FNDA:0,(anonymous_19)
FNDA:0,(anonymous_20)
FNDA:1,(anonymous_21)
DA:7,2
DA:8,0
DA:9,0
DA:11,0
DA:26,0
DA:31,0
DA:32,0
DA:37,0
DA:40,0
DA:42,0
DA:43,0
DA:48,2
DA:49,3
DA:50,3
DA:51,3
DA:61,3
DA:63,2
DA:64,5
DA:65,2
DA:67,1
DA:69,0
DA:70,0
DA:75,2
DA:76,0
DA:77,0
DA:78,0
DA:80,0
DA:81,0
DA:83,0
DA:84,0
DA:85,0
DA:87,0
DA:88,0
DA:90,0
DA:91,0
DA:93,0
DA:101,0
DA:103,0
DA:104,0
DA:107,0
DA:110,0
DA:111,0
DA:112,0
DA:113,0
DA:115,0
DA:118,0
DA:121,0
DA:123,0
DA:124,0
DA:129,2
DA:130,5
DA:131,5
DA:132,5
DA:134,5
DA:136,4
DA:137,4
DA:139,3
DA:140,6
DA:141,3
DA:144,2
DA:145,1
DA:150,1
DA:151,1
DA:154,1
DA:161,1
DA:163,0
DA:164,0
DA:169,2
DA:170,3
DA:171,3
DA:172,3
DA:173,3
DA:175,2
DA:176,5
DA:177,2
DA:179,1
DA:180,1
DA:182,0
DA:183,0
DA:188,2
DA:189,3
DA:190,3
DA:191,3
DA:194,3
DA:195,1
DA:196,1
DA:199,2
DA:200,5
DA:201,2
DA:204,1
DA:207,1
DA:209,1
DA:211,0
DA:212,0
DA:217,2
DA:218,4
DA:219,4
DA:220,2
DA:221,2
DA:223,1
DA:224,1
DA:226,1
DA:235,1
DA:237,0
DA:238,0
DA:243,2
DA:244,1
DA:245,1
DA:246,1
DA:247,1
DA:249,1
DA:250,1
DA:260,1
DA:262,0
DA:263,0
DA:268,2
DA:269,0
DA:270,0
DA:271,0
DA:273,0
DA:274,0
DA:276,0
DA:277,0
DA:279,0
DA:280,0
DA:282,0
DA:283,0
DA:285,0
DA:287,0
DA:288,0
DA:293,2
DA:294,0
DA:295,0
DA:296,0
DA:298,0
DA:299,0
DA:300,0
DA:303,0
DA:304,0
DA:306,0
DA:308,0
DA:309,0
DA:314,2
DA:315,0
DA:316,0
DA:317,0
DA:318,0
DA:319,0
DA:321,0
DA:323,0
DA:324,0
DA:325,0
DA:326,0
DA:328,0
DA:330,0
DA:331,0
DA:332,0
DA:333,0
DA:336,0
DA:337,0
DA:343,0
DA:344,0
DA:345,0
DA:348,0
DA:350,0
DA:351,0
DA:356,0
DA:365,0
DA:366,0
DA:368,0
DA:369,0
DA:370,0
DA:387,2
DA:388,1
DA:389,1
DA:394,0
DA:395,0
LF:177
LH:73
BRDA:26,0,0,0
BRDA:26,0,1,0
BRDA:27,1,0,0
BRDA:27,1,1,0
BRDA:28,2,0,0
BRDA:28,2,1,0
BRDA:61,3,0,1
BRDA:61,3,1,2
BRDA:65,4,0,1
BRDA:65,4,1,1
BRDA:78,5,0,0
BRDA:78,6,0,0
BRDA:81,7,0,0
BRDA:81,7,1,0
BRDA:85,8,0,0
BRDA:85,8,1,0
BRDA:88,9,0,0
BRDA:88,9,1,0
BRDA:90,10,0,0
BRDA:90,10,1,0
BRDA:91,11,0,0
BRDA:91,11,1,0
BRDA:103,12,0,0
BRDA:103,12,1,0
BRDA:111,13,0,0
BRDA:111,13,1,0
BRDA:111,13,2,0
BRDA:111,14,0,0
BRDA:111,14,1,0
BRDA:111,14,2,0
BRDA:111,14,3,0
BRDA:112,15,0,0
BRDA:112,15,1,0
BRDA:115,16,0,0
BRDA:115,16,1,0
BRDA:134,17,0,1
BRDA:134,17,1,4
BRDA:134,18,0,5
BRDA:134,18,1,5
BRDA:137,19,0,1
BRDA:137,19,1,3
BRDA:141,20,0,1
BRDA:141,20,1,2
BRDA:144,21,0,1
BRDA:144,21,1,1
BRDA:173,22,0,1
BRDA:173,22,1,2
BRDA:177,23,0,1
BRDA:177,23,1,1
BRDA:180,24,0,1
BRDA:180,24,1,1
BRDA:180,24,2,0
BRDA:194,25,0,1
BRDA:194,25,1,2
BRDA:201,26,0,1
BRDA:201,26,1,1
BRDA:219,27,0,2
BRDA:219,27,1,2
BRDA:219,28,0,4
BRDA:219,28,1,3
BRDA:221,29,0,1
BRDA:221,29,1,1
BRDA:223,30,0,1
BRDA:223,30,1,0
BRDA:243,31,0,0
BRDA:245,32,0,0
BRDA:245,32,1,1
BRDA:245,33,0,1
BRDA:245,33,1,1
BRDA:245,33,2,1
BRDA:247,34,0,0
BRDA:247,34,1,1
BRDA:256,35,0,1
BRDA:256,35,1,0
BRDA:271,36,0,0
BRDA:271,36,1,0
BRDA:277,37,0,0
BRDA:277,37,1,0
BRDA:280,38,0,0
BRDA:280,38,1,0
BRDA:282,39,0,0
BRDA:282,39,1,0
BRDA:283,40,0,0
BRDA:283,40,1,0
BRDA:296,41,0,0
BRDA:296,41,1,0
BRDA:300,42,0,0
BRDA:300,42,1,0
BRDA:304,43,0,0
BRDA:304,43,1,0
BRDA:321,44,0,0
BRDA:321,44,1,0
BRDA:326,45,0,0
BRDA:326,45,1,0
BRDA:328,46,0,0
BRDA:328,46,1,0
BRDA:343,47,0,0
BRDA:343,47,1,0
BRDA:350,48,0,0
BRDA:350,48,1,0
BRDA:362,49,0,0
BRDA:362,49,1,0
BRF:102
BRH:37
end_of_record
TN:
SF:controllers\home.controller.js
FN:6,(anonymous_0)
FNF:1
FNH:1
FNDA:2,(anonymous_0)
DA:5,1
DA:7,2
DA:8,2
DA:12,1
DA:16,1
DA:22,1
DA:23,1
LF:7
LH:7
BRF:0
BRH:0
end_of_record
TN:
SF:controllers\adminControllers\analytics.controllers.js
FN:8,(anonymous_0)
FN:24,(anonymous_1)
FN:283,(anonymous_2)
FNF:3
FNH:3
FNDA:2,(anonymous_0)
FNDA:5,(anonymous_1)
FNDA:6,(anonymous_2)
DA:8,1
DA:9,2
DA:11,2
DA:12,1
DA:13,1
DA:14,1
DA:15,1
DA:16,1
DA:18,1
DA:24,5
DA:28,1
DA:36,1
DA:83,1
DA:130,1
DA:164,1
DA:200,1
DA:235,1
DA:248,1
DA:252,1
DA:253,1
DA:255,1
DA:262,1
DA:263,1
DA:264,1
DA:272,1
DA:273,1
DA:274,1
DA:276,1
DA:283,6
DA:286,1
DA:287,1
DA:288,1
DA:289,1
DA:291,1
DA:313,1
DA:343,1
DA:344,1
LF:37
LH:37
BRDA:252,0,0,1
BRDA:252,0,1,0
BRDA:253,1,0,1
BRDA:253,1,1,0
BRF:4
BRH:2
end_of_record
TN:
SF:controllers\adminControllers\dashboard.controllers.js
FN:7,(anonymous_0)
FN:19,(anonymous_1)
FN:27,(anonymous_2)
FN:30,(anonymous_3)
FN:35,(anonymous_4)
FN:50,(anonymous_5)
FN:61,(anonymous_6)
FN:72,(anonymous_7)
FN:84,(anonymous_8)
FNF:9
FNH:6
FNDA:2,(anonymous_0)
FNDA:1,(anonymous_1)
FNDA:1,(anonymous_2)
FNDA:1,(anonymous_3)
FNDA:1,(anonymous_4)
FNDA:0,(anonymous_5)
FNDA:0,(anonymous_6)
FNDA:0,(anonymous_7)
FNDA:1,(anonymous_8)
DA:7,1
DA:8,2
DA:9,2
DA:10,1
DA:11,1
DA:12,1
DA:14,1
DA:19,1
DA:21,1
DA:27,1
DA:28,1
DA:30,1
DA:35,1
DA:36,1
DA:37,1
DA:43,1
DA:50,1
DA:55,1
DA:61,1
DA:66,1
DA:72,1
DA:77,1
DA:84,1
DA:87,1
DA:100,1
DA:101,1
LF:26
LH:26
BRDA:19,0,0,1
BRDA:19,0,1,0
BRDA:27,1,0,1
BRDA:27,1,1,0
BRDA:31,2,0,1
BRDA:31,2,1,1
BRDA:31,3,0,1
BRDA:31,3,1,1
BRDA:31,4,0,1
BRDA:31,4,1,1
BRDA:38,5,0,1
BRDA:38,5,1,1
BRDA:38,6,0,1
BRDA:38,6,1,1
BRDA:51,7,0,0
BRDA:51,7,1,0
BRDA:51,8,0,0
BRDA:51,8,1,0
BRDA:51,9,0,0
BRDA:51,9,1,0
BRDA:62,10,0,0
BRDA:62,10,1,0
BRDA:62,11,0,0
BRDA:62,11,1,0
BRF:24
BRH:12
end_of_record
TN:
SF:controllers\buyer\auctions.controller.js
FN:10,(anonymous_0)
FN:51,(anonymous_1)
FN:62,(anonymous_2)
FN:67,(anonymous_3)
FN:99,(anonymous_4)
FN:157,(anonymous_5)
FN:241,(anonymous_6)
FN:275,(anonymous_7)
FN:310,(anonymous_8)
FN:353,(anonymous_9)
FN:399,(anonymous_10)
FNF:11
FNH:6
FNDA:4,(anonymous_0)
FNDA:2,(anonymous_1)
FNDA:1,(anonymous_2)
FNDA:2,(anonymous_3)
FNDA:3,(anonymous_4)
FNDA:7,(anonymous_5)
FNDA:0,(anonymous_6)
FNDA:0,(anonymous_7)
FNDA:0,(anonymous_8)
FNDA:0,(anonymous_9)
FNDA:0,(anonymous_10)
DA:10,1
DA:11,4
DA:12,4
DA:15,4
DA:16,4
DA:17,4
DA:18,4
DA:19,1
DA:27,3
DA:34,3
DA:35,1
DA:37,3
DA:38,3
DA:39,3
DA:40,3
DA:41,1
DA:42,1
DA:43,1
DA:46,3
DA:51,2
DA:52,2
DA:54,2
DA:55,1
DA:62,1
DA:63,1
DA:64,1
DA:67,2
DA:73,2
DA:79,2
DA:80,2
DA:83,2
DA:89,1
DA:90,1
DA:99,1
DA:100,3
DA:102,3
DA:104,3
DA:105,1
DA:112,2
DA:120,2
DA:121,1
DA:128,1
DA:132,1
DA:134,1
DA:147,0
DA:148,0
DA:157,1
DA:158,7
DA:159,7
DA:160,7
DA:162,7
DA:163,1
DA:166,6
DA:167,6
DA:168,1
DA:171,5
DA:172,5
DA:173,1
DA:176,4
DA:177,1
DA:180,3
DA:184,3
DA:185,1
DA:188,2
DA:189,2
DA:190,1
DA:196,1
DA:204,1
DA:207,1
DA:208,1
DA:209,0
DA:210,0
DA:211,0
DA:212,0
DA:220,0
DA:223,0
DA:225,0
DA:229,1
DA:235,0
DA:236,0
DA:241,1
DA:242,0
DA:243,0
DA:244,0
DA:245,0
DA:248,0
DA:249,0
DA:252,0
DA:253,0
DA:254,0
DA:257,0
DA:259,0
DA:269,0
DA:270,0
DA:275,1
DA:276,0
DA:277,0
DA:278,0
DA:279,0
DA:281,0
DA:282,0
DA:285,0
DA:286,0
DA:289,0
DA:290,0
DA:292,0
DA:304,0
DA:305,0
DA:310,1
DA:311,0
DA:312,0
DA:313,0
DA:314,0
DA:316,0
DA:317,0
DA:320,0
DA:321,0
DA:324,0
DA:325,0
DA:328,0
DA:329,0
DA:331,0
DA:341,0
DA:342,0
DA:343,0
DA:345,0
DA:347,0
DA:348,0
DA:353,1
DA:354,0
DA:355,0
DA:357,0
DA:361,0
DA:362,0
DA:370,0
DA:371,0
DA:379,0
DA:383,0
DA:384,0
DA:392,0
DA:399,0
DA:401,0
DA:449,0
DA:450,0
LF:144
LH:73
BRDA:16,0,0,4
BRDA:16,0,1,0
BRDA:18,1,0,1
BRDA:18,1,1,3
BRDA:34,2,0,1
BRDA:34,2,1,2
BRDA:37,3,0,1
BRDA:37,3,1,2
BRDA:38,4,0,1
BRDA:38,4,1,2
BRDA:39,5,0,1
BRDA:39,5,1,2
BRDA:40,6,0,1
BRDA:40,6,1,2
BRDA:40,7,0,3
BRDA:40,7,1,2
BRDA:42,8,0,1
BRDA:42,8,1,0
BRDA:43,9,0,1
BRDA:43,9,1,0
BRDA:54,10,0,1
BRDA:54,10,1,1
BRDA:69,11,0,2
BRDA:69,11,1,1
BRDA:79,12,0,2
BRDA:79,12,1,0
BRDA:104,13,0,1
BRDA:104,13,1,2
BRDA:120,14,0,1
BRDA:120,14,1,1
BRDA:132,15,0,1
BRDA:132,15,1,1
BRDA:162,16,0,1
BRDA:162,16,1,6
BRDA:162,17,0,7
BRDA:162,17,1,6
BRDA:167,18,0,1
BRDA:167,18,1,5
BRDA:167,19,0,6
BRDA:167,19,1,6
BRDA:172,20,0,1
BRDA:172,20,1,4
BRDA:176,21,0,1
BRDA:176,21,1,3
BRDA:176,22,0,4
BRDA:176,22,1,3
BRDA:184,23,0,1
BRDA:184,23,1,2
BRDA:184,24,0,3
BRDA:184,24,1,3
BRDA:188,25,0,2
BRDA:188,25,1,0
BRDA:189,26,0,1
BRDA:189,26,1,1
BRDA:208,27,0,0
BRDA:208,27,1,1
BRDA:216,28,0,0
BRDA:216,28,1,0
BRDA:244,29,0,0
BRDA:244,29,1,0
BRDA:248,30,0,0
BRDA:248,30,1,0
BRDA:252,31,0,0
BRDA:252,31,1,0
BRDA:253,32,0,0
BRDA:253,32,1,0
BRDA:265,33,0,0
BRDA:265,33,1,0
BRDA:281,34,0,0
BRDA:281,34,1,0
BRDA:285,35,0,0
BRDA:285,35,1,0
BRDA:316,36,0,0
BRDA:316,36,1,0
BRDA:320,37,0,0
BRDA:320,37,1,0
BRDA:324,38,0,0
BRDA:324,38,1,0
BRDA:361,39,0,0
BRDA:361,39,1,0
BRDA:370,40,0,0
BRDA:370,40,1,0
BRDA:383,41,0,0
BRDA:383,41,1,0
BRDA:399,42,0,0
BRDA:399,42,1,0
BRDA:399,42,2,0
BRDA:426,43,0,0
BRDA:426,43,1,0
BRDA:426,44,0,0
BRDA:426,44,1,0
BRDA:438,45,0,0
BRDA:438,45,1,0
BRDA:438,46,0,0
BRDA:438,46,1,0
BRF:95
BRH:50
end_of_record
TN:
SF:middlewares\admin.middleware.js
FN:5,(anonymous_0)
FNF:1
FNH:1
FNDA:8,(anonymous_0)
DA:5,1
DA:6,8
DA:7,8
DA:8,7
DA:9,7
DA:10,6
DA:12,6
DA:16,3
DA:24,3
DA:25,1
DA:32,2
DA:34,1
DA:35,1
DA:42,1
LF:14
LH:14
BRDA:6,0,0,8
BRDA:6,0,1,2
BRDA:6,1,0,1
BRDA:6,1,1,1
BRDA:6,2,0,2
BRDA:6,2,1,1
BRDA:7,3,0,7
BRDA:7,3,1,1
BRDA:9,4,0,7
BRDA:9,4,1,7
BRDA:12,5,0,3
BRDA:12,5,1,3
BRDA:12,6,0,6
BRDA:12,6,1,5
BRDA:12,6,2,5
BRDA:12,6,3,4
BRDA:24,7,0,1
BRDA:24,7,1,2
BRF:18
BRH:18
end_of_record
TN:
SF:middlewares\auction_manager.middleware.js
FN:5,(anonymous_0)
FNF:1
FNH:1
FNDA:8,(anonymous_0)
DA:5,1
DA:6,8
DA:7,8
DA:8,7
DA:9,7
DA:10,6
DA:12,6
DA:15,3
DA:23,3
DA:24,1
DA:31,2
DA:33,1
DA:34,1
DA:41,1
LF:14
LH:14
BRDA:6,0,0,8
BRDA:6,0,1,2
BRDA:6,1,0,1
BRDA:6,1,1,1
BRDA:6,2,0,2
BRDA:6,2,1,1
BRDA:7,3,0,7
BRDA:7,3,1,1
BRDA:9,4,0,7
BRDA:9,4,1,7
BRDA:12,5,0,3
BRDA:12,5,1,3
BRDA:12,6,0,6
BRDA:12,6,1,5
BRDA:12,6,2,4
BRDA:23,7,0,1
BRDA:23,7,1,2
BRF:17
BRH:17
end_of_record
TN:
SF:middlewares\auth.middleware.js
FN:4,(anonymous_0)
FNF:1
FNH:1
FNDA:4,(anonymous_0)
DA:4,1
DA:5,4
DA:7,4
DA:8,1
DA:15,3
DA:16,3
DA:17,2
DA:19,2
DA:20,1
DA:27,1
DA:28,1
DA:30,1
DA:31,1
LF:13
LH:13
BRDA:7,0,0,1
BRDA:7,0,1,3
BRDA:19,1,0,1
BRDA:19,1,1,1
BRDA:19,2,0,2
BRDA:19,2,1,2
BRDA:19,2,2,1
BRDA:19,2,3,1
BRF:8
BRH:8
end_of_record
TN:
SF:middlewares\buyer.middleware.js
FN:4,(anonymous_0)
FNF:1
FNH:1
FNDA:8,(anonymous_0)
DA:4,1
DA:5,8
DA:6,8
DA:7,7
DA:8,7
DA:9,6
DA:11,6
DA:15,3
DA:23,3
DA:24,1
DA:31,2
DA:33,1
DA:34,1
DA:41,1
LF:14
LH:14
BRDA:5,0,0,8
BRDA:5,0,1,2
BRDA:5,1,0,1
BRDA:5,1,1,1
BRDA:5,2,0,2
BRDA:5,2,1,1
BRDA:6,3,0,7
BRDA:6,3,1,1
BRDA:8,4,0,7
BRDA:8,4,1,7
BRDA:11,5,0,3
BRDA:11,5,1,3
BRDA:11,6,0,6
BRDA:11,6,1,5
BRDA:11,6,2,5
BRDA:11,6,3,4
BRDA:23,7,0,1
BRDA:23,7,1,2
BRF:18
BRH:18
end_of_record
TN:
SF:middlewares\checkBlocked.middleware.js
FN:1,(anonymous_0)
FNF:1
FNH:1
FNDA:3,(anonymous_0)
DA:1,1
DA:2,3
DA:3,1
DA:8,2
LF:4
LH:4
BRDA:2,0,0,1
BRDA:2,0,1,2
BRDA:2,1,0,3
BRDA:2,1,1,2
BRF:4
BRH:4
end_of_record
TN:
SF:middlewares\errorHandler.middleware.js
FN:1,(anonymous_0)
FN:8,(anonymous_1)
FN:9,(anonymous_2)
FN:10,(anonymous_3)
FN:11,(anonymous_4)
FN:12,(anonymous_5)
FN:13,(anonymous_6)
FN:15,(anonymous_7)
FN:20,(anonymous_8)
FN:45,(anonymous_9)
FN:119,(anonymous_10)
FN:119,(anonymous_11)
FNF:12
FNH:7
FNDA:3,(anonymous_0)
FNDA:1,(anonymous_1)
FNDA:0,(anonymous_2)
FNDA:0,(anonymous_3)
FNDA:2,(anonymous_4)
FNDA:0,(anonymous_5)
FNDA:0,(anonymous_6)
FNDA:1,(anonymous_7)
FNDA:3,(anonymous_8)
FNDA:0,(anonymous_9)
FNDA:1,(anonymous_10)
FNDA:1,(anonymous_11)
DA:1,1
DA:2,3
DA:3,3
DA:4,3
DA:5,3
DA:8,1
DA:9,1
DA:10,1
DA:11,2
DA:12,1
DA:13,1
DA:15,1
DA:16,1
DA:17,1
DA:20,1
DA:21,3
DA:22,1
DA:25,2
DA:35,2
DA:36,2
DA:38,2
DA:39,1
DA:40,1
DA:41,1
DA:44,2
DA:45,0
DA:46,0
DA:49,2
DA:50,0
DA:51,0
DA:54,2
DA:55,1
DA:56,1
DA:59,2
DA:60,0
DA:61,0
DA:64,2
DA:65,0
DA:66,0
DA:67,0
DA:68,0
DA:69,0
DA:70,0
DA:72,0
DA:74,0
DA:77,2
DA:78,0
DA:79,0
DA:82,2
DA:83,0
DA:84,0
DA:87,2
DA:88,0
DA:89,0
DA:92,2
DA:93,0
DA:94,0
DA:97,2
DA:98,0
DA:99,0
DA:102,2
DA:103,0
DA:104,0
DA:107,2
DA:119,1
DA:120,1
LF:66
LH:40
BRDA:8,0,0,0
BRDA:9,1,0,0
BRDA:10,2,0,0
BRDA:11,3,0,1
BRDA:12,4,0,0
BRDA:13,5,0,0
BRDA:21,6,0,1
BRDA:21,6,1,2
BRDA:35,7,0,2
BRDA:35,7,1,2
BRDA:35,8,0,0
BRDA:35,8,1,2
BRDA:36,9,0,2
BRDA:36,9,1,0
BRDA:38,10,0,1
BRDA:38,10,1,1
BRDA:39,11,0,1
BRDA:39,11,1,0
BRDA:39,12,0,1
BRDA:39,12,1,0
BRDA:44,13,0,0
BRDA:44,13,1,2
BRDA:49,14,0,0
BRDA:49,14,1,2
BRDA:54,15,0,1
BRDA:54,15,1,1
BRDA:59,16,0,0
BRDA:59,16,1,2
BRDA:64,17,0,0
BRDA:64,17,1,2
BRDA:65,18,0,0
BRDA:65,18,1,0
BRDA:67,19,0,0
BRDA:67,19,1,0
BRDA:69,20,0,0
BRDA:69,20,1,0
BRDA:77,21,0,0
BRDA:77,21,1,2
BRDA:77,22,0,2
BRDA:77,22,1,0
BRDA:77,22,2,0
BRDA:82,23,0,0
BRDA:82,23,1,2
BRDA:82,24,0,2
BRDA:82,24,1,2
BRDA:87,25,0,0
BRDA:87,25,1,2
BRDA:87,26,0,2
BRDA:87,26,1,2
BRDA:92,27,0,0
BRDA:92,27,1,2
BRDA:92,28,0,2
BRDA:92,28,1,2
BRDA:97,29,0,0
BRDA:97,29,1,2
BRDA:97,30,0,2
BRDA:97,30,1,2
BRDA:97,30,2,0
BRDA:102,31,0,0
BRDA:102,31,1,2
BRDA:102,32,0,2
BRDA:102,32,1,2
BRDA:111,33,0,2
BRDA:111,33,1,2
BRF:64
BRH:36
end_of_record
TN:
SF:middlewares\mechanic.middleware.js
FN:4,(anonymous_0)
FNF:1
FNH:1
FNDA:8,(anonymous_0)
DA:4,1
DA:5,8
DA:6,8
DA:7,7
DA:8,7
DA:9,6
DA:11,6
DA:15,3
DA:23,3
DA:24,1
DA:31,2
DA:33,1
DA:34,1
DA:41,1
LF:14
LH:14
BRDA:5,0,0,8
BRDA:5,0,1,2
BRDA:5,1,0,1
BRDA:5,1,1,1
BRDA:5,2,0,2
BRDA:5,2,1,1
BRDA:6,3,0,7
BRDA:6,3,1,1
BRDA:8,4,0,7
BRDA:8,4,1,7
BRDA:11,5,0,3
BRDA:11,5,1,3
BRDA:11,6,0,6
BRDA:11,6,1,5
BRDA:11,6,2,5
BRDA:11,6,3,4
BRDA:23,7,0,1
BRDA:23,7,1,2
BRF:18
BRH:18
end_of_record
TN:
SF:middlewares\security.middleware.js
FN:6,(anonymous_0)
FN:39,(anonymous_1)
FNF:2
FNH:2
FNDA:4,(anonymous_0)
FNDA:3,(anonymous_1)
DA:5,1
DA:7,4
DA:8,3
DA:13,3
DA:14,2
DA:16,1
DA:21,1
DA:33,1
DA:40,3
LF:9
LH:9
BRDA:7,0,0,1
BRDA:7,0,1,3
BRDA:13,1,0,2
BRDA:13,1,1,1
BRDA:40,2,0,3
BRDA:40,2,1,2
BRDA:40,2,2,2
BRDA:40,2,3,2
BRDA:40,2,4,2
BRDA:40,2,5,2
BRDA:40,2,6,2
BRDA:40,2,7,2
BRDA:40,2,8,2
BRDA:40,2,9,2
BRF:14
BRH:14
end_of_record
TN:
SF:middlewares\seller.middleware.js
FN:5,(anonymous_0)
FNF:1
FNH:1
FNDA:8,(anonymous_0)
DA:5,1
DA:6,8
DA:7,8
DA:8,7
DA:9,7
DA:10,6
DA:12,6
DA:16,3
DA:24,3
DA:25,1
DA:32,2
DA:34,1
DA:35,1
DA:42,1
LF:14
LH:14
BRDA:6,0,0,8
BRDA:6,0,1,2
BRDA:6,1,0,1
BRDA:6,1,1,1
BRDA:6,2,0,2
BRDA:6,2,1,1
BRDA:7,3,0,7
BRDA:7,3,1,1
BRDA:9,4,0,7
BRDA:9,4,1,7
BRDA:12,5,0,3
BRDA:12,5,1,3
BRDA:12,6,0,6
BRDA:12,6,1,5
BRDA:12,6,2,5
BRDA:12,6,3,4
BRDA:24,7,0,1
BRDA:24,7,1,2
BRF:18
BRH:18
end_of_record
TN:
SF:middlewares\superAdmin.middleware.js
FN:5,(anonymous_0)
FNF:1
FNH:1
FNDA:8,(anonymous_0)
DA:5,1
DA:6,8
DA:7,8
DA:8,7
DA:9,7
DA:10,6
DA:12,6
DA:16,3
DA:24,3
DA:25,1
DA:32,2
DA:34,1
DA:35,1
DA:42,1
LF:14
LH:14
BRDA:6,0,0,8
BRDA:6,0,1,2
BRDA:6,1,0,1
BRDA:6,1,1,1
BRDA:6,2,0,2
BRDA:6,2,1,1
BRDA:7,3,0,7
BRDA:7,3,1,1
BRDA:9,4,0,7
BRDA:9,4,1,7
BRDA:12,5,0,3
BRDA:12,5,1,3
BRDA:12,6,0,6
BRDA:12,6,1,5
BRDA:12,6,2,5
BRDA:12,6,3,4
BRDA:24,7,0,1
BRDA:24,7,1,2
BRF:18
BRH:18
end_of_record
TN:
SF:models\OTP.js
FNF:0
FNH:0
DA:3,1
LF:1
LH:1
BRF:0
BRH:0
end_of_record
TN:
SF:models\User.js
FN:11,(anonymous_0)
FN:29,(anonymous_1)
FN:30,(anonymous_2)
FN:35,(anonymous_3)
FN:36,(anonymous_4)
FN:41,(anonymous_5)
FN:42,(anonymous_6)
FN:47,(anonymous_7)
FN:48,(anonymous_8)
FN:53,(anonymous_9)
FN:66,(anonymous_10)
FN:72,(anonymous_11)
FN:109,(anonymous_12)
FN:122,(anonymous_13)
FNF:14
FNH:0
FNDA:0,(anonymous_0)
FNDA:0,(anonymous_1)
FNDA:0,(anonymous_2)
FNDA:0,(anonymous_3)
FNDA:0,(anonymous_4)
FNDA:0,(anonymous_5)
FNDA:0,(anonymous_6)
FNDA:0,(anonymous_7)
FNDA:0,(anonymous_8)
FNDA:0,(anonymous_9)
FNDA:0,(anonymous_10)
FNDA:0,(anonymous_11)
FNDA:0,(anonymous_12)
FNDA:0,(anonymous_13)
DA:5,1
DA:12,0
DA:30,0
DA:36,0
DA:42,0
DA:48,0
DA:54,0
DA:67,0
DA:73,0
DA:109,1
DA:110,0
DA:112,0
DA:113,0
DA:114,0
DA:115,0
DA:117,0
DA:122,1
DA:123,0
LF:18
LH:3
BRDA:30,0,0,0
BRDA:30,0,1,0
BRDA:30,1,0,0
BRDA:30,1,1,0
BRDA:30,2,0,0
BRDA:30,2,1,0
BRDA:36,3,0,0
BRDA:36,3,1,0
BRDA:36,4,0,0
BRDA:36,4,1,0
BRDA:36,5,0,0
BRDA:36,5,1,0
BRDA:42,6,0,0
BRDA:42,6,1,0
BRDA:42,7,0,0
BRDA:42,7,1,0
BRDA:42,8,0,0
BRDA:42,8,1,0
BRDA:48,9,0,0
BRDA:48,9,1,0
BRDA:48,10,0,0
BRDA:48,10,1,0
BRDA:48,11,0,0
BRDA:48,11,1,0
BRDA:110,12,0,0
BRDA:110,12,1,0
BRDA:110,13,0,0
BRDA:110,13,1,0
BRF:28
BRH:0
end_of_record
TN:
SF:utils\email.service.js
FN:3,(anonymous_0)
FNF:1
FNH:0
FNDA:0,(anonymous_0)
DA:3,1
DA:4,0
DA:5,0
DA:15,0
DA:31,0
DA:32,0
DA:33,0
DA:34,0
DA:35,0
DA:37,0
DA:39,0
DA:40,0
LF:12
LH:1
BRDA:6,0,0,0
BRDA:6,0,1,0
BRDA:7,1,0,0
BRDA:7,1,1,0
BRDA:16,2,0,0
BRDA:16,2,1,0
BRDA:34,3,0,0
BRDA:34,3,1,0
BRF:8
BRH:0
end_of_record
TN:
SF:utils\generateToken.js
FN:4,(anonymous_0)
FNF:1
FNH:1
FNDA:2,(anonymous_0)
DA:4,2
DA:5,2
LF:2
LH:2
BRDA:11,0,0,2
BRDA:11,0,1,1
BRF:2
BRH:2
end_of_record
